

Starting up. 09:04.35
---------------------


Starting up. 09:06.51
---------------------
[09:10:52]ATTACK: <font color='red'>Taryn Jackson (lawligagger) attacked Bob Dole (poxie2815) with fire axe (Wielded) (INTENT: HELP) (DAMTYE: BRUTE)</font>
[09:10:56]ATTACK: <font color='red'>Taryn Jackson (lawligagger) attacked Bob Dole (poxie2815) with fire axe (Wielded) (INTENT: DISARM) (DAMTYE: BRUTE)</font>
[09:11:14]ATTACK: <font color='red'>Bob Dole (poxie2815) was hit by the banana peel, last touched by Taryn Jackson (lawligagger)</font>
[09:13:02]ATTACK: <font color='red'>UNKNOWN shot Taryn Jackson (lawligagger) with a the electrode</font>
[09:14:29]ATTACK: <font color='red'>Bob Dole (poxie2815) shot Doc Honk (generalcole) with a the laser</font>
[09:14:29]ATTACK: <font color='red'>Bob Dole (poxie2815) shot Taryn Jackson (lawligagger) with a the laser</font>
[09:14:30]ATTACK: <font color='red'>Bob Dole (poxie2815) shot Taryn Jackson (lawligagger) with a the laser</font>
[09:14:30]ATTACK: <font color='red'>Bob Dole (poxie2815) shot Taryn Jackson (lawligagger) with a the laser</font>
[09:14:32]ATTACK: <font color='red'>Bob Dole (poxie2815) shot Taryn Jackson (lawligagger) with a the laser</font>
[09:14:33]ATTACK: <font color='red'>Bob Dole (poxie2815) shot Taryn Jackson (lawligagger) with a the laser</font>
[09:14:34]ATTACK: <font color='red'>Bob Dole (poxie2815) shot Doc Honk (generalcole) with a the laser</font>
[09:14:35]ATTACK: <font color='red'>Bob Dole (poxie2815) shot Doc Honk (generalcole) with a the laser</font>
[09:14:45]ATTACK: <font color='red'>Doc Honk (generalcole) attacked Bob Dole (poxie2815) with chain of command (INTENT: DISARM) (DAMTYE: BRUTE)</font>
[09:14:56]ATTACK: <font color='red'>Doc Honk (generalcole) disarmed Taryn Jackson (@lawligagger)</font>
[09:14:58]ATTACK: <font color='red'>Doc Honk (generalcole) disarmed Bob Dole (poxie2815)</font>
[09:15:05]ATTACK: <font color='red'>Doc Honk (generalcole) disarmed Bob Dole (poxie2815)</font>
[09:15:06]ATTACK: <font color='red'>Doc Honk (generalcole) disarmed Bob Dole (poxie2815)</font>
[09:15:07]ATTACK: <font color='red'>Doc Honk (generalcole) attacked Bob Dole (poxie2815) with chain of command (INTENT: DISARM) (DAMTYE: BRUTE)</font>
[09:15:08]ATTACK: <font color='red'>Doc Honk (generalcole) attacked Bob Dole (poxie2815) with chain of command (INTENT: DISARM) (DAMTYE: BRUTE)</font>
[09:15:11]ATTACK: <font color='red'>Doc Honk (generalcole) attacked Bob Dole (poxie2815) with chain of command (INTENT: DISARM) (DAMTYE: BRUTE)</font>
[09:15:12]ATTACK: <font color='red'>Doc Honk (generalcole) attacked Bob Dole (poxie2815) with chain of command (INTENT: DISARM) (DAMTYE: BRUTE)</font>
[09:15:33]ATTACK: <font color='red'>Bob Dole (poxie2815) Used the flash to flash Doc Honk (generalcole)</font>
[09:15:53]ATTACK: <font color='red'>Bob Dole (poxie2815) Used the flash to flash Taryn Jackson (lawligagger)</font>
[09:16:08]ATTACK: <font color='red'>Doc Honk (generalcole) punched Bob Dole (poxie2815)</font>
[09:16:09]ATTACK: <font color='red'>Doc Honk (generalcole) punched Bob Dole (poxie2815)</font>
[09:16:11]ATTACK: <font color='red'>Doc Honk (generalcole) punched Bob Dole (poxie2815)</font>
[09:16:11]ATTACK: <font color='red'>Taryn Jackson (lawligagger) attacked Bob Dole (poxie2815) with bike horn (INTENT: DISARM) (DAMTYE: BRUTE)</font>
[09:16:12]ATTACK: <font color='red'>Doc Honk (generalcole) punched Bob Dole (poxie2815)</font>
[09:16:12]ATTACK: <font color='red'>Taryn Jackson (lawligagger) attacked Bob Dole (poxie2815) with bike horn (INTENT: DISARM) (DAMTYE: BRUTE)</font>
[09:16:13]ATTACK: <font color='red'>Doc Honk (generalcole) punched Bob Dole (poxie2815)</font>
[09:16:13]ATTACK: <font color='red'>Taryn Jackson (lawligagger) attacked Bob Dole (poxie2815) with bike horn (INTENT: DISARM) (DAMTYE: BRUTE)</font>
[09:16:14]ATTACK: <font color='red'>Doc Honk (generalcole) punched Bob Dole (poxie2815)</font>
[09:16:15]ATTACK: <font color='red'>Doc Honk (generalcole) punched Bob Dole (poxie2815)</font>
[09:16:16]ATTACK: <font color='red'>Doc Honk (generalcole) punched Bob Dole (poxie2815)</font>
[09:16:18]ATTACK: <font color='red'>Doc Honk (generalcole) punched Bob Dole (poxie2815)</font>
[09:16:19]ATTACK: <font color='red'>Doc Honk (generalcole) punched Bob Dole (poxie2815)</font>
[09:16:33]ATTACK: <font color='red'>Taryn Jackson (lawligagger) disarmed Bob Dole (poxie2815)</font>
[09:18:01]ATTACK: <font color='red'>Bob Dole (poxie2815) shot Taryn Jackson (lawligagger) with a the laser</font>
[09:18:02]ATTACK: <font color='red'>Taryn Jackson (lawligagger) attacked Taryn Jackson (lawligagger) with banana peel (INTENT: DISARM) (DAMTYE: BRUTE)</font>
[09:18:07]ATTACK: <font color='red'>Taryn Jackson (lawligagger) disarmed Bob Dole (poxie2815)</font>
[09:18:52]ATTACK: <font color='red'>Bob Dole (poxie2815) attacked Taryn Jackson (lawligagger) with fork (INTENT: HELP) (DAMTYE: BRUTE)</font>
[09:20:30]ATTACK: <font color='red'>Bob Dole (poxie2815) punched Bob Dole (poxie2815)</font>
[09:20:31]ATTACK: <font color='red'>Bob Dole (poxie2815) punched Bob Dole (poxie2815)</font>
[09:23:34]ATTACK: <font color='red'>Bob Dole (poxie2815) punched Bob Dole (poxie2815)</font>
[09:24:05]ATTACK: <font color='red'>Bob Dole (poxie2815) punched Bob Dole (poxie2815)</font>
[09:25:06]ATTACK: <font color='red'>Bob Dole (poxie2815) punched Bob Dole (poxie2815)</font>
[09:29:43]ATTACK: <font color='red'>Bob Dole (poxie2815) shot Clown () with a the electrode</font>
[09:29:45]ATTACK: <font color='red'>Bob Dole (poxie2815) shot Clown () with a the electrode</font>
[09:29:45]ATTACK: <font color='red'>Bob Dole (poxie2815) shot Clown () with a the electrode</font>
[09:29:46]ATTACK: <font color='red'>Bob Dole (poxie2815) shot Clown () with a the electrode</font>
[09:29:50]ATTACK: <font color='red'>Bob Dole (poxie2815) shot Clown () with a the electrode</font>
[09:29:50]ATTACK: <font color='red'>Bob Dole (poxie2815) shot Clown () with a the electrode</font>


Starting up. 09:32.07
---------------------
[09:38:11]ATTACK: <font color='red'>Bob Dole (poxie2815) attacked Bob Dole (poxie2815) with Zippo lighter (INTENT: HELP) (DAMTYE: BRUTE)</font>
[09:39:54]ATTACK: <font color='red'>Bob Dole (poxie2815) attacked Pun Pun () with mateba (INTENT: HELP) (DAMTYE: BRUTE)</font>
[09:39:58]ATTACK: <font color='red'>Bob Dole (poxie2815) attacked Pun Pun () with mateba (INTENT: HELP) (DAMTYE: BRUTE)</font>
[09:40:01]ATTACK: <font color='red'>Bob Dole (poxie2815) shot Pun Pun () with a the bullet</font>
[09:40:07]ATTACK: <font color='red'>Bob Dole (poxie2815) shot Pun Pun () with a the bullet</font>
[09:42:30]ATTACK: <font color='red'>Bob Dole (poxie2815) shot Doc Honk (generalcole) with a the bullet</font>
[09:44:30]ATTACK: <font color='red'>Bob Dole (poxie2815) shot Doc Honk (generalcole) with a the xray beam</font>
[09:44:31]ATTACK: <font color='red'>Bob Dole (poxie2815) shot Doc Honk (generalcole) with a the xray beam</font>
[09:45:34]ATTACK: <font color='red'>Bob Dole (poxie2815) shot Doc Honk (generalcole) with a the pulse</font>
[09:45:35]ATTACK: <font color='red'>Bob Dole (poxie2815) shot Doc Honk (generalcole) with a the pulse</font>
[09:45:35]ATTACK: <font color='red'>Bob Dole (poxie2815) shot Doc Honk (generalcole) with a the pulse</font>
[09:45:36]ATTACK: <font color='red'>Bob Dole (poxie2815) shot Doc Honk (generalcole) with a the pulse</font>
[09:45:36]ATTACK: <font color='red'>Bob Dole (poxie2815) shot Doc Honk (generalcole) with a the pulse</font>
[09:45:37]ATTACK: <font color='red'>Bob Dole (poxie2815) shot Doc Honk (generalcole) with a the pulse</font>
[09:45:37]ATTACK: <font color='red'>Bob Dole (poxie2815) shot Doc Honk (generalcole) with a the pulse</font>
[09:45:38]ATTACK: <font color='red'>Bob Dole (poxie2815) shot Doc Honk (generalcole) with a the pulse</font>
[09:45:38]ATTACK: <font color='red'>Bob Dole (poxie2815) shot Doc Honk (generalcole) with a the pulse</font>
[09:45:39]ATTACK: <font color='red'>Bob Dole (poxie2815) shot Doc Honk (generalcole) with a the pulse</font>
[09:45:39]ATTACK: <font color='red'>Bob Dole (poxie2815) shot Doc Honk (generalcole) with a the pulse</font>
[09:45:40]ATTACK: <font color='red'>Bob Dole (poxie2815) shot Doc Honk (generalcole) with a the pulse</font>
[09:45:40]ATTACK: <font color='red'>Bob Dole (poxie2815) shot Doc Honk (generalcole) with a the pulse</font>
[09:45:41]ATTACK: <font color='red'>Bob Dole (poxie2815) shot Doc Honk (generalcole) with a the pulse</font>
[09:45:51]ATTACK: <font color='red'>Bob Dole (poxie2815) shot Doc Honk (generalcole) with a the pulse</font>
[09:45:52]ATTACK: <font color='red'>Bob Dole (poxie2815) shot Doc Honk (generalcole) with a the pulse</font>
[09:45:52]ATTACK: <font color='red'>Bob Dole (poxie2815) shot Doc Honk (generalcole) with a the pulse</font>
[09:45:53]ATTACK: <font color='red'>Bob Dole (poxie2815) shot Doc Honk (generalcole) with a the pulse</font>
[09:45:59]ATTACK: <font color='red'>Bob Dole (poxie2815) shot Aden Bousum (lawligagger) with a the pulse</font>
[09:46:00]ATTACK: <font color='red'>Bob Dole (poxie2815) shot Aden Bousum (lawligagger) with a the pulse</font>
[09:46:02]ATTACK: <font color='red'>Bob Dole (poxie2815) shot Aden Bousum (lawligagger) with a the pulse</font>
[09:46:02]ATTACK: <font color='red'>Bob Dole (poxie2815) shot Aden Bousum (lawligagger) with a the pulse</font>
[09:46:03]ATTACK: <font color='red'>Bob Dole (poxie2815) shot Aden Bousum (lawligagger) with a the pulse</font>
[09:46:06]ATTACK: <font color='red'>Bob Dole (poxie2815) shot Aden Bousum (lawligagger) with a the pulse</font>
[09:46:07]ATTACK: <font color='red'>Bob Dole (poxie2815) shot Aden Bousum (@lawligagger) with a the pulse</font>
[09:46:07]ATTACK: <font color='red'>Bob Dole (poxie2815) shot Aden Bousum (@lawligagger) with a the pulse</font>
[09:46:08]ATTACK: <font color='red'>Bob Dole (poxie2815) shot Aden Bousum (@lawligagger) with a the pulse</font>
[09:46:08]ATTACK: <font color='red'>Bob Dole (poxie2815) shot Aden Bousum (@lawligagger) with a the pulse</font>
[09:46:09]ATTACK: <font color='red'>Bob Dole (poxie2815) shot Aden Bousum (@lawligagger) with a the pulse</font>
[09:46:09]ATTACK: <font color='red'>Bob Dole (poxie2815) shot Aden Bousum (@lawligagger) with a the pulse</font>
[09:46:10]ATTACK: <font color='red'>Bob Dole (poxie2815) shot Aden Bousum (@lawligagger) with a the pulse</font>
[09:46:10]ATTACK: <font color='red'>Bob Dole (poxie2815) shot Aden Bousum (@lawligagger) with a the pulse</font>
[09:46:11]ATTACK: <font color='red'>Bob Dole (poxie2815) shot Aden Bousum (@lawligagger) with a the pulse</font>
[09:46:11]ATTACK: <font color='red'>Bob Dole (poxie2815) shot Aden Bousum (@lawligagger) with a the pulse</font>
[09:46:12]ATTACK: <font color='red'>Bob Dole (poxie2815) shot Aden Bousum (@lawligagger) with a the pulse</font>
[09:46:13]ATTACK: <font color='red'>Bob Dole (poxie2815) shot Aden Bousum (@lawligagger) with a the pulse</font>
[09:46:13]ATTACK: <font color='red'>Bob Dole (poxie2815) shot Aden Bousum (@lawligagger) with a the pulse</font>
[09:46:14]ATTACK: <font color='red'>Bob Dole (poxie2815) shot Aden Bousum (@lawligagger) with a the pulse</font>
[09:46:14]ATTACK: <font color='red'>Bob Dole (poxie2815) shot Aden Bousum (@lawligagger) with a the pulse</font>
[09:46:15]ATTACK: <font color='red'>Bob Dole (poxie2815) shot Aden Bousum (@lawligagger) with a the pulse</font>
[09:46:15]ATTACK: <font color='red'>Bob Dole (poxie2815) shot Aden Bousum (@lawligagger) with a the pulse</font>
[09:46:16]ATTACK: <font color='red'>Bob Dole (poxie2815) shot Aden Bousum (@lawligagger) with a the pulse</font>
[09:46:41]ATTACK: <font color='red'>Bob Dole (poxie2815) attacked Aden Bousum (@lawligagger) with desert eagle (INTENT: HELP) (DAMTYE: BRUTE)</font>
[09:46:42]ATTACK: <font color='red'>Bob Dole (poxie2815) attacked Aden Bousum (@lawligagger) with desert eagle (INTENT: HELP) (DAMTYE: BRUTE)</font>
[09:46:48]ATTACK: <font color='red'>Bob Dole (poxie2815) shot Aden Bousum (@lawligagger) with a the bullet</font>
[09:46:48]ATTACK: <font color='red'>Bob Dole (poxie2815) shot Aden Bousum (@lawligagger) with a the bullet</font>
[09:46:49]ATTACK: <font color='red'>Bob Dole (poxie2815) shot Aden Bousum (@lawligagger) with a the bullet</font>
[09:46:49]ATTACK: <font color='red'>Bob Dole (poxie2815) shot Aden Bousum (@lawligagger) with a the bullet</font>
[09:47:04]ATTACK: <font color='red'>Bob Dole (poxie2815) shot Aden Bousum (lawligagger) with a the bullet</font>
[09:47:24]ATTACK: <font color='red'>Bob Dole (poxie2815) shot Aden Bousum (lawligagger) with a the bullet</font>
[09:47:26]ATTACK: <font color='red'>Bob Dole (poxie2815) shot Aden Bousum (lawligagger) with a the bullet</font>
[09:47:28]ATTACK: <font color='red'>Bob Dole (poxie2815) shot Aden Bousum (lawligagger) with a the bullet</font>
[09:47:29]ATTACK: <font color='red'>Bob Dole (poxie2815) shot Aden Bousum (@lawligagger) with a the bullet</font>
[09:47:29]ATTACK: <font color='red'>Bob Dole (poxie2815) shot Aden Bousum (@lawligagger) with a the bullet</font>
[09:47:30]ATTACK: <font color='red'>Bob Dole (poxie2815) shot Aden Bousum (@lawligagger) with a the bullet</font>
[09:48:42]ATTACK: <font color='red'>Doc Honk (generalcole) attacked Bob Dole (poxie2815) with wizards staff (INTENT: HELP) (DAMTYE: BRUTE)</font>
[09:48:43]ATTACK: <font color='red'>Doc Honk (generalcole) attacked Bob Dole (poxie2815) with wizards staff (INTENT: HELP) (DAMTYE: BRUTE)</font>
[09:48:44]ATTACK: <font color='red'>Doc Honk (generalcole) attacked Bob Dole (poxie2815) with wizards staff (INTENT: HELP) (DAMTYE: BRUTE)</font>
[09:48:46]ATTACK: <font color='red'>Doc Honk (generalcole) attacked Bob Dole (poxie2815) with wizards staff (INTENT: HELP) (DAMTYE: BRUTE)</font>
[09:50:59]ATTACK: <font color='red'>UNKNOWN shot Bob Dole (poxie2815) with a the heavy laser</font>
[09:51:04]ATTACK: <font color='red'>UNKNOWN shot Bob Dole (poxie2815) with a the heavy laser</font>


Starting up. 09:55.43
---------------------
[09:59:08]ATTACK: <font color='red'>Chauros Finlako (generalcole) disarmed Bob Dole (poxie2815)</font>
[09:59:12]ATTACK: <font color='red'>Chauros Finlako (generalcole) disarmed Bob Dole (poxie2815)</font>
[09:59:36]ATTACK: <font color='red'>Chauros Finlako (generalcole) disarmed Bob Dole (poxie2815)</font>
[10:05:56]ATTACK: <font color='red'>Unknown (lawligagger) attacked Unknown (generalcole) with banana peel (INTENT: HELP) (DAMTYE: BRUTE)</font>
[10:08:14]ATTACK: <font color='red'>Unknown (generalcole) shot Unknown (lawligagger) with a the ion bolt</font>
[10:13:08]ATTACK: <font color='red'>Unknown (lawligagger) disarmed Unknown (lawligagger)</font>
[10:13:22]ATTACK: <font color='red'>Unknown (lawligagger) disarmed Unknown (lawligagger)</font>
[10:18:15]ATTACK: <font color='red'>Unknown (lawligagger) disarmed Unknown (lawligagger)</font>
[10:18:16]ATTACK: <font color='red'>Unknown (lawligagger) disarmed Unknown (lawligagger)</font>
[10:18:17]ATTACK: <font color='red'>Unknown (lawligagger) disarmed Unknown (lawligagger)</font>
[10:18:18]ATTACK: <font color='red'>Unknown (lawligagger) disarmed Unknown (lawligagger)</font>
[10:18:19]ATTACK: <font color='red'>Unknown (lawligagger) disarmed Unknown (lawligagger)</font>
[10:18:20]ATTACK: <font color='red'>Unknown (lawligagger) disarmed Unknown (lawligagger)</font>
[10:18:26]ATTACK: <font color='red'>Unknown (lawligagger) disarmed Unknown (poxie2815)</font>
[10:28:43]ATTACK: <font color='red'>Duncan Raub (mightydude) injected Duncan Raub (mightydude) with hypospray, which had The Doctor's Delight (INTENT: HELP)</font>
[10:28:44]ATTACK: <font color='red'>Duncan Raub (mightydude) injected Duncan Raub (mightydude) with hypospray, which had The Doctor's Delight (INTENT: HELP)</font>
[10:28:45]ATTACK: <font color='red'>Duncan Raub (mightydude) injected Duncan Raub (mightydude) with hypospray, which had The Doctor's Delight (INTENT: HELP)</font>
[10:28:47]ATTACK: <font color='red'>Duncan Raub (mightydude) injected Duncan Raub (mightydude) with hypospray, which had The Doctor's Delight (INTENT: HELP)</font>
[10:28:48]ATTACK: <font color='red'>Duncan Raub (mightydude) injected Duncan Raub (mightydude) with hypospray, which had The Doctor's Delight (INTENT: HELP)</font>
[10:28:49]ATTACK: <font color='red'>Duncan Raub (mightydude) injected Duncan Raub (mightydude) with hypospray, which had The Doctor's Delight (INTENT: HELP)</font>


Starting up. 10:32.23
---------------------
[10:41:16]ATTACK: <font color='red'>Bob Dole (poxie2815) shot the space bear (lawligagger) with a the laser</font>
[10:41:16]ATTACK: <font color='red'>Bob Dole (poxie2815) shot the space bear (lawligagger) with a the laser</font>
[10:41:18]ATTACK: <font color='red'>Bob Dole (poxie2815) shot the space bear (lawligagger) with a the laser</font>
[10:41:39]ATTACK: <font color='red'>Bob Dole (poxie2815) grabbed the neck of space bear (@lawligagger)</font>
[10:41:50]ATTACK: <font color='red'>Bob Dole (poxie2815) Strangled (kill intent) space bear ()</font>
[10:42:03]ATTACK: <font color='red'>Bob Dole (poxie2815) shot Unknown (generalcole) with a the laser</font>
[10:42:04]ATTACK: <font color='red'>Bob Dole (poxie2815) shot Unknown (generalcole) with a the laser</font>
[10:42:07]ATTACK: <font color='red'>Bob Dole (poxie2815) shot Unknown (generalcole) with a the laser</font>
[10:42:07]ATTACK: <font color='red'>Unknown (generalcole) attacked Bob Dole (poxie2815) with fire axe (Wielded) (INTENT: HELP) (DAMTYE: BRUTE)</font>
[10:42:07]ATTACK: <font color='red'>Bob Dole (poxie2815) shot Unknown (generalcole) with a the laser</font>
[10:42:08]ATTACK: <font color='red'>Bob Dole (poxie2815) shot Unknown (generalcole) with a the laser</font>
[10:42:08]ATTACK: <font color='red'>Unknown (generalcole) attacked Bob Dole (poxie2815) with fire axe (Wielded) (INTENT: HELP) (DAMTYE: BRUTE)</font>
[10:42:09]ATTACK: <font color='red'>Bob Dole (poxie2815) shot Unknown (generalcole) with a the laser</font>
[10:42:09]ATTACK: <font color='red'>Bob Dole (poxie2815) shot Unknown (generalcole) with a the laser</font>
[10:42:14]ATTACK: <font color='red'>Bob Dole (poxie2815) shot Faithless (lawligagger) with a the laser</font>
[10:42:15]ATTACK: <font color='red'>Bob Dole (poxie2815) shot Faithless (lawligagger) with a the laser</font>
[10:42:16]ATTACK: <font color='red'>Bob Dole (poxie2815) shot Faithless (lawligagger) with a the laser</font>
[10:42:16]ATTACK: <font color='red'>Bob Dole (poxie2815) shot Faithless (lawligagger) with a the laser</font>
[10:43:36]ATTACK: <font color='red'>Bob Dole (poxie2815) shot Chauros Finlako (generalcole) with a the laser</font>
[10:43:37]ATTACK: <font color='red'>Bob Dole (poxie2815) shot Chauros Finlako (generalcole) with a the laser</font>
[10:44:11]ATTACK: <font color='red'>UNKNOWN shot Chauros Finlako (generalcole) with a the laser</font>
[10:44:11]ATTACK: <font color='red'>UNKNOWN shot Chauros Finlako (generalcole) with a the laser</font>
[10:44:11]ATTACK: <font color='red'>UNKNOWN shot Chauros Finlako (generalcole) with a the laser</font>
[10:44:24]ATTACK: <font color='red'>UNKNOWN shot Pirate Gunner (lawligagger) with a the laser</font>
[10:44:24]ATTACK: <font color='red'>UNKNOWN shot Pirate Gunner (lawligagger) with a the laser</font>
[10:44:26]ATTACK: <font color='red'>Bob Dole (poxie2815) shot Pirate Gunner (lawligagger) with a the laser</font>
[10:44:27]ATTACK: <font color='red'>Bob Dole (poxie2815) shot Pirate Gunner () with a the laser</font>
[10:44:27]ATTACK: <font color='red'>Bob Dole (poxie2815) shot Pirate Gunner () with a the laser</font>
[10:44:27]ATTACK: <font color='red'>Bob Dole (poxie2815) shot Pirate Gunner () with a the laser</font>
[10:44:28]ATTACK: <font color='red'>Bob Dole (poxie2815) shot Pirate Gunner () with a the laser</font>
[10:44:29]ATTACK: <font color='red'>Bob Dole (poxie2815) shot Pirate Gunner () with a the laser</font>
[10:44:31]ATTACK: <font color='red'>Chauros Finlako (generalcole) attacked Pirate Gunner () with energy sword (INTENT: HELP) (DAMTYE: BRUTE)</font>
[10:44:32]ATTACK: <font color='red'>Chauros Finlako (generalcole) attacked Pirate Gunner () with energy sword (INTENT: HELP) (DAMTYE: BRUTE)</font>
[10:44:34]ATTACK: <font color='red'>Chauros Finlako (generalcole) attacked Pirate Gunner () with energy sword (INTENT: HELP) (DAMTYE: BRUTE)</font>
[10:44:35]ATTACK: <font color='red'>Chauros Finlako (generalcole) attacked Pirate Gunner () with energy sword (INTENT: HELP) (DAMTYE: BRUTE)</font>
[10:44:36]ATTACK: <font color='red'>Chauros Finlako (generalcole) attacked Pirate Gunner () with energy sword (INTENT: HELP) (DAMTYE: BRUTE)</font>
[10:44:37]ATTACK: <font color='red'>Chauros Finlako (generalcole) attacked Pirate Gunner () with energy sword (INTENT: HELP) (DAMTYE: BRUTE)</font>
[10:44:38]ATTACK: <font color='red'>Chauros Finlako (generalcole) attacked Pirate Gunner () with energy sword (INTENT: HELP) (DAMTYE: BRUTE)</font>
[10:45:15]ATTACK: <font color='red'>Chauros Finlako (generalcole) shot Pirate Gunner () with a the bolt of animation</font>
[10:45:16]ATTACK: <font color='red'>Chauros Finlako (generalcole) shot Pirate Gunner () with a the bolt of animation</font>
[10:45:27]ATTACK: <font color='red'>Chauros Finlako (generalcole) shot the space bear () with a the bolt of animation</font>
[10:45:27]ATTACK: <font color='red'>Chauros Finlako (generalcole) shot the space bear () with a the bolt of animation</font>
[10:45:29]ATTACK: <font color='red'>Chauros Finlako (generalcole) shot Pirate Gunner () with a the bolt of animation</font>
[10:45:47]ATTACK: <font color='red'>Chauros Finlako (generalcole) shot the space bear () with a the pulse</font>
[10:45:48]ATTACK: <font color='red'>Chauros Finlako (generalcole) shot the space bear () with a the pulse</font>
[10:45:48]ATTACK: <font color='red'>Chauros Finlako (generalcole) shot Syndicate Operative () with a the pulse</font>
[10:45:49]ATTACK: <font color='red'>Chauros Finlako (generalcole) shot Syndicate Operative () with a the pulse</font>
[10:45:49]ATTACK: <font color='red'>Chauros Finlako (generalcole) shot Syndicate Operative () with a the pulse</font>
[10:45:50]ATTACK: <font color='red'>Chauros Finlako (generalcole) shot Syndicate Operative () with a the pulse</font>
[10:45:50]ATTACK: <font color='red'>Chauros Finlako (generalcole) shot Syndicate Operative () with a the pulse</font>
[10:45:51]ATTACK: <font color='red'>Chauros Finlako (generalcole) shot Syndicate Operative () with a the pulse</font>
[10:45:52]ATTACK: <font color='red'>Chauros Finlako (generalcole) shot Syndicate Operative () with a the pulse</font>
[10:45:53]ATTACK: <font color='red'>Chauros Finlako (generalcole) shot the unknown () with a the pulse</font>
[10:45:53]ATTACK: <font color='red'>Chauros Finlako (generalcole) shot the unknown () with a the pulse</font>
[10:45:54]ATTACK: <font color='red'>Chauros Finlako (generalcole) shot the unknown () with a the pulse</font>
[10:45:56]ATTACK: <font color='red'>Chauros Finlako (generalcole) shot Syndicate Operative () with a the pulse</font>
[10:45:59]ATTACK: <font color='red'>UNKNOWN shot Syndicate Operative () with a the bullet</font>
[10:46:02]ATTACK: <font color='red'>UNKNOWN shot Syndicate Commando () with a the bullet</font>
[10:46:03]ATTACK: <font color='red'>UNKNOWN shot Syndicate Commando () with a the bullet</font>
[10:46:03]ATTACK: <font color='red'>Chauros Finlako (generalcole) shot Syndicate Commando () with a the pulse</font>
[10:46:03]ATTACK: <font color='red'>UNKNOWN shot Syndicate Commando () with a the bullet</font>
[10:46:04]ATTACK: <font color='red'>Chauros Finlako (generalcole) shot Syndicate Commando () with a the pulse</font>
[10:46:05]ATTACK: <font color='red'>Chauros Finlako (generalcole) shot Syndicate Commando () with a the pulse</font>
[10:46:05]ATTACK: <font color='red'>Chauros Finlako (generalcole) shot Syndicate Commando () with a the pulse</font>
[10:46:10]ATTACK: <font color='red'>Chauros Finlako (generalcole) shot Syndicate Operative () with a the pulse</font>
[10:46:10]ATTACK: <font color='red'>UNKNOWN shot Chauros Finlako (generalcole) with a the bullet</font>
[10:46:11]ATTACK: <font color='red'>UNKNOWN shot Chauros Finlako (generalcole) with a the bullet</font>
[10:46:11]ATTACK: <font color='red'>UNKNOWN shot Chauros Finlako (generalcole) with a the bullet</font>
[10:46:11]ATTACK: <font color='red'>Chauros Finlako (generalcole) shot Syndicate Operative () with a the pulse</font>
[10:46:12]ATTACK: <font color='red'>Chauros Finlako (generalcole) shot Syndicate Operative () with a the pulse</font>
[10:46:12]ATTACK: <font color='red'>Chauros Finlako (generalcole) shot Syndicate Operative () with a the pulse</font>
[10:46:32]ATTACK: <font color='red'>Bob Dole (poxie2815) shot Syndicate Operative (lawligagger) with a the laser</font>
[10:46:36]ATTACK: <font color='red'>Bob Dole (poxie2815) shot Syndicate Operative (lawligagger) with a the laser</font>
[10:46:37]ATTACK: <font color='red'>Bob Dole (poxie2815) shot Syndicate Operative (lawligagger) with a the laser</font>
[10:46:38]ATTACK: <font color='red'>Bob Dole (poxie2815) shot Syndicate Operative (lawligagger) with a the laser</font>
[10:46:46]ATTACK: <font color='red'>Bob Dole (poxie2815) shot Syndicate Operative (lawligagger) with a the electrode</font>
[10:47:13]ATTACK: <font color='red'>Bob Dole (poxie2815) shot the pine tree (lawligagger) with a the laser</font>
[10:47:14]ATTACK: <font color='red'>Bob Dole (poxie2815) shot the pine tree (lawligagger) with a the laser</font>
[10:47:14]ATTACK: <font color='red'>Bob Dole (poxie2815) shot the pine tree (lawligagger) with a the laser</font>
[10:47:15]ATTACK: <font color='red'>Bob Dole (poxie2815) shot the pine tree (lawligagger) with a the laser</font>
[10:47:15]ATTACK: <font color='red'>Bob Dole (poxie2815) shot the pine tree (lawligagger) with a the laser</font>
[10:47:16]ATTACK: <font color='red'>Bob Dole (poxie2815) shot the pine tree (lawligagger) with a the laser</font>
[10:47:16]ATTACK: <font color='red'>Bob Dole (poxie2815) shot the pine tree (lawligagger) with a the laser</font>
[10:47:19]ATTACK: <font color='red'>Bob Dole (poxie2815) shot the pine tree (lawligagger) with a the laser</font>
[10:47:19]ATTACK: <font color='red'>Bob Dole (poxie2815) shot the pine tree (lawligagger) with a the laser</font>
[10:47:25]ATTACK: <font color='red'>Bob Dole (poxie2815) shot the pine tree (lawligagger) with a the laser</font>
[10:47:25]ATTACK: <font color='red'>Bob Dole (poxie2815) shot the pine tree (lawligagger) with a the laser</font>
[10:48:09]ATTACK: <font color='red'>UNKNOWN shot Hudson (generalcole) with a the bullet</font>
[10:48:13]ATTACK: <font color='red'>UNKNOWN shot Syndicate Operative () with a the bullet</font>
[10:48:13]ATTACK: <font color='red'>UNKNOWN shot Syndicate Operative () with a the bullet</font>
[10:48:13]ATTACK: <font color='red'>UNKNOWN shot Syndicate Operative () with a the bullet</font>
[10:48:13]ATTACK: <font color='red'>UNKNOWN shot Syndicate Operative () with a the bullet</font>
[10:48:13]ATTACK: <font color='red'>UNKNOWN shot Syndicate Operative () with a the bullet</font>
[10:48:13]ATTACK: <font color='red'>UNKNOWN shot Syndicate Operative () with a the bullet</font>
[10:50:24]ATTACK: <font color='red'>Norah Hoenshell (lawligagger) attacked Norah Hoenshell (lawligagger) with docility potion (INTENT: DISARM) (DAMTYE: BRUTE)</font>
[10:50:30]ATTACK: <font color='red'>Norah Hoenshell (lawligagger) attacked Norah Hoenshell (lawligagger) with docility potion (INTENT: HELP) (DAMTYE: BRUTE)</font>
[10:51:14]ATTACK: <font color='red'>Norah Hoenshell (lawligagger) attacked Norah Hoenshell (lawligagger) with gold slime extract (INTENT: HELP) (DAMTYE: BRUTE)</font>
[10:51:35]ATTACK: <font color='red'>Norah Hoenshell (lawligagger) attacked Bob Dole (poxie2815) with gold slime extract (INTENT: HELP) (DAMTYE: BRUTE)</font>
[10:52:33]ATTACK: <font color='red'>Norah Hoenshell (lawligagger) attacked Norah Hoenshell (lawligagger) with docility potion (INTENT: HELP) (DAMTYE: BRUTE)</font>
[10:52:55]ATTACK: <font color='red'>Bob Dole (poxie2815) attacked Hudson (generalcole) with energy sword (INTENT: HARM) (DAMTYE: BRUTE)</font>
[10:52:57]ATTACK: <font color='red'>Bob Dole (poxie2815) attacked Hudson (generalcole) with energy sword (INTENT: HARM) (DAMTYE: BRUTE)</font>
[10:52:58]ATTACK: <font color='red'>Bob Dole (poxie2815) attacked Hudson (generalcole) with energy sword (INTENT: HARM) (DAMTYE: BRUTE)</font>
[10:52:58]ATTACK: <font color='red'>Norah Hoenshell (lawligagger) attacked Bob Dole (poxie2815) with glowing slime extract (INTENT: HELP) (DAMTYE: BRUTE)</font>
[10:52:59]ATTACK: <font color='red'>Bob Dole (poxie2815) attacked Hudson (generalcole) with energy sword (INTENT: HARM) (DAMTYE: BRUTE)</font>
[10:53:00]ATTACK: <font color='red'>Norah Hoenshell (lawligagger) attacked Bob Dole (poxie2815) with glowing slime extract (INTENT: HELP) (DAMTYE: BRUTE)</font>
[10:53:01]ATTACK: <font color='red'>Bob Dole (poxie2815) attacked Hudson (generalcole) with energy sword (INTENT: HARM) (DAMTYE: BRUTE)</font>
[10:53:02]ATTACK: <font color='red'>Bob Dole (poxie2815) attacked Hudson (generalcole) with energy sword (INTENT: HARM) (DAMTYE: BRUTE)</font>
[10:53:06]ATTACK: <font color='red'>Norah Hoenshell (lawligagger) attacked Norah Hoenshell (lawligagger) with glowing slime extract (INTENT: HELP) (DAMTYE: BRUTE)</font>
[10:53:08]ATTACK: <font color='red'>Norah Hoenshell (lawligagger) attacked Bob Dole (poxie2815) with glowing slime extract (INTENT: HELP) (DAMTYE: BRUTE)</font>
[10:53:15]ATTACK: <font color='red'>Norah Hoenshell (lawligagger) attacked Norah Hoenshell (lawligagger) with energy sword (INTENT: HELP) (DAMTYE: BRUTE)</font>
[10:53:16]ATTACK: <font color='red'>Norah Hoenshell (lawligagger) attacked Norah Hoenshell (lawligagger) with energy sword (INTENT: HELP) (DAMTYE: BRUTE)</font>
[11:04:14]ATTACK: <font color='red'>  (generalcole) shot Bob Dole (poxie2815) with a the pulse</font>
[11:04:15]ATTACK: <font color='red'>  (generalcole) shot Bob Dole (poxie2815) with a the pulse</font>
[11:04:15]ATTACK: <font color='red'>  (generalcole) shot Bob Dole (poxie2815) with a the pulse</font>
[11:04:16]ATTACK: <font color='red'>  (generalcole) shot Bob Dole (poxie2815) with a the pulse</font>
[11:04:17]ATTACK: <font color='red'>  (generalcole) shot Bob Dole (poxie2815) with a the pulse</font>
[11:09:10]ATTACK: <font color='red'>UNKNOWN shot Poly () with a the dart</font>
[11:09:14]ATTACK: <font color='red'>UNKNOWN shot Poly () with a the dart</font>
