

Starting up. 07:47.30
---------------------


Starting up. 12:30.28
---------------------
[12:34:07]ATTACK: <font color='red'>John Reverend (lawligagger) implanted John Reverend (lawligagger) with implanter (INTENT: HELP)</font>
[12:46:46]ATTACK: <font color='red'>John Reverend (lawligagger) shot Derek Quinn (skipper12) with a the electrode</font>
[12:46:50]ATTACK: <font color='red'>John Reverend (lawligagger) shot Derek Quinn (skipper12) with a the laser</font>
[12:46:51]ATTACK: <font color='red'>John Reverend (lawligagger) shot Derek Quinn (skipper12) with a the laser</font>
[12:46:52]ATTACK: <font color='red'>John Reverend (lawligagger) shot Derek Quinn (skipper12) with a the laser</font>
[12:46:52]ATTACK: <font color='red'>John Reverend (lawligagger) shot Derek Quinn (skipper12) with a the laser</font>
[12:46:53]ATTACK: <font color='red'>John Reverend (lawligagger) shot Derek Quinn (skipper12) with a the laser</font>
[12:46:53]ATTACK: <font color='red'>John Reverend (lawligagger) shot Derek Quinn (skipper12) with a the laser</font>


Starting up. 14:22.58
---------------------
[18:56:48]ATTACK: <font color='red'>John Reverend (lawligagger) implanted John Reverend (lawligagger) with implanter (INTENT: HELP)</font>
[18:58:57]ATTACK: <font color='red'>John Reverend (lawligagger) shot Sarah Monique (deathsquied) with a the bolt</font>
[19:01:21]ATTACK: <font color='red'>John Reverend (lawligagger) shot Sarah Monique (deathsquied) with a the bolt</font>
[19:01:25]ATTACK: <font color='red'>John Reverend (lawligagger) attacked Sarah Monique (deathsquied) with circular saw (INTENT: HELP) (DAMTYE: BRUTE)</font>
[19:01:26]ATTACK: <font color='red'>John Reverend (lawligagger) attacked Sarah Monique (deathsquied) with circular saw (INTENT: HELP) (DAMTYE: BRUTE)</font>
[19:01:28]ATTACK: <font color='red'>John Reverend (lawligagger) attacked Sarah Monique (deathsquied) with circular saw (INTENT: HELP) (DAMTYE: BRUTE)</font>
[19:01:29]ATTACK: <font color='red'>John Reverend (lawligagger) attacked Sarah Monique (deathsquied) with circular saw (INTENT: HELP) (DAMTYE: BRUTE)</font>
[19:01:31]ATTACK: <font color='red'>John Reverend (lawligagger) attacked Sarah Monique (deathsquied) with circular saw (INTENT: HELP) (DAMTYE: BRUTE)</font>
[19:01:32]ATTACK: <font color='red'>John Reverend (lawligagger) attacked Sarah Monique (deathsquied) with circular saw (INTENT: HELP) (DAMTYE: BRUTE)</font>
[19:01:34]ATTACK: <font color='red'>John Reverend (lawligagger) attacked Sarah Monique (deathsquied) with circular saw (INTENT: HELP) (DAMTYE: BRUTE)</font>
[19:05:17]ATTACK: <font color='red'>Unknown (lawligagger) shot Sarah Monique (deathsquied) with a the bolt</font>
[19:05:21]ATTACK: <font color='red'>Unknown (lawligagger) attacked Sarah Monique (deathsquied) with stun baton (INTENT: HARM) (DAMTYE: BRUTE)</font>
[19:05:22]ATTACK: <font color='red'>Unknown (lawligagger) attacked Sarah Monique (deathsquied) with stun baton (INTENT: HARM) (DAMTYE: BRUTE)</font>
[19:05:25]ATTACK: <font color='red'>Unknown (lawligagger) shot Sarah Monique (deathsquied) with a the bolt</font>
[19:05:26]ATTACK: <font color='red'>Unknown (lawligagger) shot Sarah Monique (deathsquied) with a the bolt</font>
[19:05:26]ATTACK: <font color='red'>Unknown (lawligagger) shot Sarah Monique (deathsquied) with a the bolt</font>
[19:05:27]ATTACK: <font color='red'>Unknown (lawligagger) shot Sarah Monique (deathsquied) with a the bolt</font>
[19:05:27]ATTACK: <font color='red'>Unknown (lawligagger) shot Sarah Monique (deathsquied) with a the bolt</font>
[19:05:28]ATTACK: <font color='red'>Unknown (lawligagger) shot Sarah Monique (deathsquied) with a the bolt</font>
[19:06:05]ATTACK: <font color='red'>Sarah Monique (deathsquied) stungloved Unknown (lawligagger)</font>
[19:06:08]ATTACK: <font color='red'>Sarah Monique (deathsquied) attacked Unknown (lawligagger) with stun baton (INTENT: HARM) (DAMTYE: BRUTE)</font>
[19:06:10]ATTACK: <font color='red'>Sarah Monique (deathsquied) attacked Unknown (lawligagger) with stun baton (INTENT: HARM) (DAMTYE: BRUTE)</font>
[19:06:13]ATTACK: <font color='red'>Sarah Monique (deathsquied) attacked Unknown (lawligagger) with stun baton (INTENT: HARM) (DAMTYE: BRUTE)</font>
[19:06:14]ATTACK: <font color='red'>Sarah Monique (deathsquied) attacked Unknown (lawligagger) with stun baton (INTENT: HARM) (DAMTYE: BRUTE)</font>
[19:06:17]ATTACK: <font color='red'>Unknown (lawligagger) shot Sarah Monique (deathsquied) with a the bolt</font>
[19:06:21]ATTACK: <font color='red'>Unknown (lawligagger) attacked Sarah Monique (deathsquied) with stun baton (INTENT: HARM) (DAMTYE: BRUTE)</font>
[19:06:22]ATTACK: <font color='red'>Unknown (lawligagger) attacked Sarah Monique (deathsquied) with stun baton (INTENT: HARM) (DAMTYE: BRUTE)</font>
[19:06:24]ATTACK: <font color='red'>Unknown (lawligagger) attacked Sarah Monique (deathsquied) with stun baton (INTENT: HARM) (DAMTYE: BRUTE)</font>
[19:06:25]ATTACK: <font color='red'>Unknown (lawligagger) attacked Sarah Monique (deathsquied) with stun baton (INTENT: HARM) (DAMTYE: BRUTE)</font>
[19:06:26]ATTACK: <font color='red'>Unknown (lawligagger) attacked Sarah Monique (deathsquied) with stun baton (INTENT: HARM) (DAMTYE: BRUTE)</font>
[19:06:27]ATTACK: <font color='red'>Unknown (lawligagger) attacked Sarah Monique (deathsquied) with stun baton (INTENT: HARM) (DAMTYE: BRUTE)</font>
[19:06:28]ATTACK: <font color='red'>Unknown (lawligagger) attacked Sarah Monique (deathsquied) with stun baton (INTENT: HARM) (DAMTYE: BRUTE)</font>
[19:06:30]ATTACK: <font color='red'>Unknown (lawligagger) attacked Sarah Monique (deathsquied) with stun baton (INTENT: HARM) (DAMTYE: BRUTE)</font>
[19:06:31]ATTACK: <font color='red'>Unknown (lawligagger) attacked Sarah Monique (deathsquied) with stun baton (INTENT: HARM) (DAMTYE: BRUTE)</font>
[19:06:32]ATTACK: <font color='red'>Unknown (lawligagger) attacked Sarah Monique (deathsquied) with stun baton (INTENT: HARM) (DAMTYE: BRUTE)</font>
[19:06:34]ATTACK: <font color='red'>Unknown (lawligagger) attacked Unknown (deathsquied) with stun baton (INTENT: HARM) (DAMTYE: BRUTE)</font>
[19:06:37]ATTACK: <font color='red'>Unknown (lawligagger) attacked Unknown (deathsquied) with stun baton (INTENT: HARM) (DAMTYE: BRUTE)</font>
[19:06:38]ATTACK: <font color='red'>Unknown (lawligagger) attacked Unknown (deathsquied) with stun baton (INTENT: HARM) (DAMTYE: BRUTE)</font>
[19:06:40]ATTACK: <font color='red'>Unknown (lawligagger) attacked Unknown (deathsquied) with stun baton (INTENT: HARM) (DAMTYE: BRUTE)</font>
[19:06:41]ATTACK: <font color='red'>Unknown (lawligagger) attacked Unknown (deathsquied) with stun baton (INTENT: HARM) (DAMTYE: BRUTE)</font>
[19:06:42]ATTACK: <font color='red'>Unknown (lawligagger) attacked Unknown (deathsquied) with stun baton (INTENT: HARM) (DAMTYE: BRUTE)</font>
[19:06:43]ATTACK: <font color='red'>Unknown (lawligagger) attacked Unknown (deathsquied) with stun baton (INTENT: HARM) (DAMTYE: BRUTE)</font>
[19:09:11]ATTACK: <font color='red'>Manny Quiles (zymechra) shot Unknown (lawligagger) with a the bullet</font>
[19:09:14]ATTACK: <font color='red'>Manny Quiles (zymechra) shot Unknown (lawligagger) with a the bullet</font>
[19:09:14]ATTACK: <font color='red'>Manny Quiles (zymechra) shot Unknown (lawligagger) with a the bullet</font>
[19:09:18]ATTACK: <font color='red'>Manny Quiles (zymechra) shot Unknown (lawligagger) with a the bolt</font>
[19:09:27]ATTACK: <font color='red'>Manny Quiles (zymechra) Attempted to handcuff Unknown (lawligagger)</font>
[19:09:38]ATTACK: <font color='red'>Manny Quiles (zymechra) shot Unknown (lawligagger) with a the bolt</font>
[19:10:10]ATTACK: <font color='red'>John Reverend (lawligagger) stungloved Manny Quiles (zymechra)</font>
[19:10:18]ATTACK: <font color='red'>John Reverend (lawligagger) Attempted to handcuff Manny Quiles (zymechra)</font>
[19:10:18]ATTACK: <font color='red'>John Reverend (lawligagger) stungloved Manny Quiles (zymechra)</font>
[19:11:41]ATTACK: <font color='red'>John Reverend (lawligagger) attacked Manny Quiles (zymechra) with circular saw (INTENT: HELP) (DAMTYE: BRUTE)</font>
[19:11:55]ATTACK: <font color='red'>Unknown (deathsquied) punched Unknown (deathsquied)</font>
[19:14:38]ATTACK: <font color='red'>John Reverend (as Manny Quiles) (lawligagger) shot Manny Quiles (zymechra) with a the bullet</font>
[19:14:50]ATTACK: <font color='red'>John Reverend (as Manny Quiles) (lawligagger) attacked Manny Quiles (zymechra) with circular saw (INTENT: GRAB) (DAMTYE: BRUTE)</font>
[19:14:50]ATTACK: <font color='red'>Unknown (deathsquied) attacked Unknown () with energy blade (INTENT: HARM) (DAMTYE: BRUTE)</font>
[19:14:51]ATTACK: <font color='red'>John Reverend (as Manny Quiles) (lawligagger) attacked Manny Quiles (zymechra) with circular saw (INTENT: GRAB) (DAMTYE: BRUTE)</font>
[19:14:52]ATTACK: <font color='red'>John Reverend (as Manny Quiles) (lawligagger) attacked Manny Quiles (zymechra) with circular saw (INTENT: GRAB) (DAMTYE: BRUTE)</font>
[19:14:53]ATTACK: <font color='red'>John Reverend (as Manny Quiles) (lawligagger) attacked Manny Quiles (zymechra) with circular saw (INTENT: GRAB) (DAMTYE: BRUTE)</font>
[19:14:56]ATTACK: <font color='red'>John Reverend (as Manny Quiles) (lawligagger) attacked Manny Quiles (zymechra) with circular saw (INTENT: GRAB) (DAMTYE: BRUTE)</font>
[19:15:02]ATTACK: <font color='red'>John Reverend (as Manny Quiles) (lawligagger) attacked Manny Quiles (zymechra) with circular saw (INTENT: GRAB) (DAMTYE: BRUTE)</font>
[19:15:05]ATTACK: <font color='red'>John Reverend (as Manny Quiles) (lawligagger) attacked Manny Quiles (zymechra) with circular saw (INTENT: GRAB) (DAMTYE: BRUTE)</font>
[19:15:07]ATTACK: <font color='red'>John Reverend (as Manny Quiles) (lawligagger) attacked Manny Quiles (zymechra) with circular saw (INTENT: GRAB) (DAMTYE: BRUTE)</font>
[19:15:09]ATTACK: <font color='red'>John Reverend (as Manny Quiles) (lawligagger) attacked Manny Quiles (zymechra) with circular saw (INTENT: GRAB) (DAMTYE: BRUTE)</font>
[19:15:10]ATTACK: <font color='red'>John Reverend (as Manny Quiles) (lawligagger) attacked Manny Quiles (zymechra) with circular saw (INTENT: GRAB) (DAMTYE: BRUTE)</font>
[19:15:33]ATTACK: <font color='red'>John Reverend (as Manny Quiles) (lawligagger) initiated a brain removal on Manny Quiles (zymechra)</font>
[19:15:43]ATTACK: <font color='red'>John Reverend (as Manny Quiles) (lawligagger) attacked Manny Quiles (zymechra) with scalpel (INTENT: GRAB) (DAMTYE: BRUTE)</font>
[19:15:45]ATTACK: <font color='red'>John Reverend (as Manny Quiles) (lawligagger) attacked Manny Quiles (zymechra) with scalpel (INTENT: HELP) (DAMTYE: BRUTE)</font>
[19:15:59]ATTACK: <font color='red'>John Reverend (as Manny Quiles) (lawligagger) attacked Manny Quiles (zymechra) with retractor (INTENT: HELP) (DAMTYE: BRUTE)</font>
[19:16:13]ATTACK: <font color='red'>John Reverend (as Manny Quiles) (lawligagger) attacked Manny Quiles (zymechra) with circular saw (INTENT: HELP) (DAMTYE: BRUTE)</font>
[19:16:19]ATTACK: <font color='red'>John Reverend (as Manny Quiles) (lawligagger) attacked Manny Quiles (zymechra) with scalpel (INTENT: HELP) (DAMTYE: BRUTE)</font>
[19:16:23]ATTACK: <font color='red'>John Reverend (as Manny Quiles) (lawligagger) attacked Manny Quiles (zymechra) with hemostat (INTENT: HELP) (DAMTYE: BRUTE)</font>
[19:16:52]ATTACK: <font color='red'>John Reverend (as Manny Quiles) (lawligagger) debrained Manny Quiles () (INTENT: HELP)</font>
[19:19:50]ATTACK: <font color='red'>John Reverend (as Manny Quiles) (lawligagger) shot Unknown (deathsquied) with a the bolt</font>
[19:19:54]ATTACK: <font color='red'>John Reverend (as Manny Quiles) (lawligagger) attacked Unknown (deathsquied) with Manny Quiles's brain (INTENT: HELP) (DAMTYE: BRUTE)</font>
[19:19:55]ATTACK: <font color='red'>John Reverend (as Manny Quiles) (lawligagger) attacked Unknown (deathsquied) with Manny Quiles's brain (INTENT: HELP) (DAMTYE: BRUTE)</font>
[19:19:56]ATTACK: <font color='red'>John Reverend (as Manny Quiles) (lawligagger) attacked Unknown (deathsquied) with Manny Quiles's brain (INTENT: HELP) (DAMTYE: BRUTE)</font>
[19:19:57]ATTACK: <font color='red'>John Reverend (as Manny Quiles) (lawligagger) attacked Unknown (deathsquied) with Manny Quiles's brain (INTENT: HELP) (DAMTYE: BRUTE)</font>
[19:19:58]ATTACK: <font color='red'>John Reverend (as Manny Quiles) (lawligagger) attacked Unknown (deathsquied) with Manny Quiles's brain (INTENT: HELP) (DAMTYE: BRUTE)</font>
[19:20:00]ATTACK: <font color='red'>John Reverend (as Manny Quiles) (lawligagger) attacked Unknown (deathsquied) with Manny Quiles's brain (INTENT: HELP) (DAMTYE: BRUTE)</font>
[19:20:01]ATTACK: <font color='red'>John Reverend (as Manny Quiles) (lawligagger) attacked Unknown (deathsquied) with Manny Quiles's brain (INTENT: HELP) (DAMTYE: BRUTE)</font>
[19:20:02]ATTACK: <font color='red'>John Reverend (as Manny Quiles) (lawligagger) attacked Unknown (deathsquied) with Manny Quiles's brain (INTENT: HELP) (DAMTYE: BRUTE)</font>
[19:20:03]ATTACK: <font color='red'>John Reverend (as Manny Quiles) (lawligagger) attacked Unknown (deathsquied) with Manny Quiles's brain (INTENT: HELP) (DAMTYE: BRUTE)</font>
[19:20:04]ATTACK: <font color='red'>John Reverend (as Manny Quiles) (lawligagger) attacked Unknown (deathsquied) with Manny Quiles's brain (INTENT: HELP) (DAMTYE: BRUTE)</font>
[19:20:05]ATTACK: <font color='red'>John Reverend (as Manny Quiles) (lawligagger) attacked Unknown (deathsquied) with Manny Quiles's brain (INTENT: HELP) (DAMTYE: BRUTE)</font>
[19:20:06]ATTACK: <font color='red'>John Reverend (as Manny Quiles) (lawligagger) attacked Unknown (deathsquied) with Manny Quiles's brain (INTENT: HELP) (DAMTYE: BRUTE)</font>
[19:20:07]ATTACK: <font color='red'>John Reverend (as Manny Quiles) (lawligagger) attacked Unknown (deathsquied) with Manny Quiles's brain (INTENT: HELP) (DAMTYE: BRUTE)</font>
[19:20:09]ATTACK: <font color='red'>John Reverend (as Manny Quiles) (lawligagger) attacked Unknown (deathsquied) with Manny Quiles's brain (INTENT: HELP) (DAMTYE: BRUTE)</font>
[19:20:10]ATTACK: <font color='red'>John Reverend (as Manny Quiles) (lawligagger) attacked Unknown (deathsquied) with Manny Quiles's brain (INTENT: HELP) (DAMTYE: BRUTE)</font>
[19:20:11]ATTACK: <font color='red'>John Reverend (as Manny Quiles) (lawligagger) attacked Unknown (deathsquied) with Manny Quiles's brain (INTENT: HELP) (DAMTYE: BRUTE)</font>
[19:20:12]ATTACK: <font color='red'>John Reverend (as Manny Quiles) (lawligagger) attacked Unknown (deathsquied) with Manny Quiles's brain (INTENT: HELP) (DAMTYE: BRUTE)</font>
[19:20:13]ATTACK: <font color='red'>John Reverend (as Manny Quiles) (lawligagger) attacked Unknown (deathsquied) with Manny Quiles's brain (INTENT: HELP) (DAMTYE: BRUTE)</font>
[19:20:14]ATTACK: <font color='red'>John Reverend (as Manny Quiles) (lawligagger) attacked Unknown (deathsquied) with Manny Quiles's brain (INTENT: HELP) (DAMTYE: BRUTE)</font>
[19:20:15]ATTACK: <font color='red'>John Reverend (as Manny Quiles) (lawligagger) attacked Unknown (deathsquied) with Manny Quiles's brain (INTENT: HELP) (DAMTYE: BRUTE)</font>
[19:20:17]ATTACK: <font color='red'>John Reverend (as Manny Quiles) (lawligagger) attacked Unknown (deathsquied) with Manny Quiles's brain (INTENT: HELP) (DAMTYE: BRUTE)</font>
[19:20:18]ATTACK: <font color='red'>John Reverend (as Manny Quiles) (lawligagger) attacked Unknown (deathsquied) with Manny Quiles's brain (INTENT: HELP) (DAMTYE: BRUTE)</font>
[19:20:19]ATTACK: <font color='red'>John Reverend (as Manny Quiles) (lawligagger) attacked Unknown (deathsquied) with Manny Quiles's brain (INTENT: HELP) (DAMTYE: BRUTE)</font>
[19:20:20]ATTACK: <font color='red'>John Reverend (as Manny Quiles) (lawligagger) attacked Unknown (deathsquied) with Manny Quiles's brain (INTENT: HELP) (DAMTYE: BRUTE)</font>
[19:20:21]ATTACK: <font color='red'>John Reverend (as Manny Quiles) (lawligagger) attacked Unknown (deathsquied) with Manny Quiles's brain (INTENT: HELP) (DAMTYE: BRUTE)</font>
[19:20:25]ATTACK: <font color='red'>John Reverend (as Manny Quiles) (lawligagger) shot Unknown (deathsquied) with a the bolt</font>
[19:20:27]ATTACK: <font color='red'>John Reverend (as Manny Quiles) (lawligagger) attacked Unknown (deathsquied) with Manny Quiles's brain (INTENT: HELP) (DAMTYE: BRUTE)</font>
[19:20:28]ATTACK: <font color='red'>John Reverend (as Manny Quiles) (lawligagger) attacked Unknown (deathsquied) with Manny Quiles's brain (INTENT: HELP) (DAMTYE: BRUTE)</font>
[19:20:29]ATTACK: <font color='red'>John Reverend (as Manny Quiles) (lawligagger) attacked Unknown (deathsquied) with Manny Quiles's brain (INTENT: HELP) (DAMTYE: BRUTE)</font>
[19:20:30]ATTACK: <font color='red'>John Reverend (as Manny Quiles) (lawligagger) attacked Unknown (deathsquied) with Manny Quiles's brain (INTENT: HELP) (DAMTYE: BRUTE)</font>
[19:20:31]ATTACK: <font color='red'>John Reverend (as Manny Quiles) (lawligagger) attacked Unknown (deathsquied) with Manny Quiles's brain (INTENT: HELP) (DAMTYE: BRUTE)</font>
[19:20:32]ATTACK: <font color='red'>John Reverend (as Manny Quiles) (lawligagger) attacked Unknown (deathsquied) with Manny Quiles's brain (INTENT: HELP) (DAMTYE: BRUTE)</font>
[19:20:34]ATTACK: <font color='red'>John Reverend (as Manny Quiles) (lawligagger) attacked Unknown (deathsquied) with Manny Quiles's brain (INTENT: HELP) (DAMTYE: BRUTE)</font>
[19:20:35]ATTACK: <font color='red'>John Reverend (as Manny Quiles) (lawligagger) attacked Unknown (deathsquied) with Manny Quiles's brain (INTENT: HELP) (DAMTYE: BRUTE)</font>
[19:20:36]ATTACK: <font color='red'>John Reverend (as Manny Quiles) (lawligagger) attacked Unknown (deathsquied) with Manny Quiles's brain (INTENT: HELP) (DAMTYE: BRUTE)</font>
[19:20:37]ATTACK: <font color='red'>John Reverend (as Manny Quiles) (lawligagger) attacked Unknown (deathsquied) with Manny Quiles's brain (INTENT: HELP) (DAMTYE: BRUTE)</font>
[19:20:38]ATTACK: <font color='red'>John Reverend (as Manny Quiles) (lawligagger) attacked Unknown (deathsquied) with Manny Quiles's brain (INTENT: HELP) (DAMTYE: BRUTE)</font>
[19:20:39]ATTACK: <font color='red'>John Reverend (as Manny Quiles) (lawligagger) attacked Unknown (deathsquied) with Manny Quiles's brain (INTENT: HELP) (DAMTYE: BRUTE)</font>
[19:20:40]ATTACK: <font color='red'>John Reverend (as Manny Quiles) (lawligagger) attacked Unknown (deathsquied) with Manny Quiles's brain (INTENT: HELP) (DAMTYE: BRUTE)</font>
[19:20:41]ATTACK: <font color='red'>John Reverend (as Manny Quiles) (lawligagger) attacked Unknown (deathsquied) with Manny Quiles's brain (INTENT: HELP) (DAMTYE: BRUTE)</font>
[19:20:42]ATTACK: <font color='red'>John Reverend (as Manny Quiles) (lawligagger) attacked Unknown (deathsquied) with Manny Quiles's brain (INTENT: HELP) (DAMTYE: BRUTE)</font>
[19:20:43]ATTACK: <font color='red'>John Reverend (as Manny Quiles) (lawligagger) attacked Unknown (deathsquied) with Manny Quiles's brain (INTENT: HELP) (DAMTYE: BRUTE)</font>
[19:20:44]ATTACK: <font color='red'>Unknown (deathsquied) disarmed John Reverend (as Manny Quiles) (lawligagger)</font>
[19:20:45]ATTACK: <font color='red'>John Reverend (as Manny Quiles) (lawligagger) attacked Unknown (deathsquied) with Manny Quiles's brain (INTENT: HELP) (DAMTYE: BRUTE)</font>
[19:21:13]ATTACK: <font color='red'>John Reverend (as Manny Quiles) (lawligagger) attacked Unknown (deathsquied) with Manny Quiles's brain (INTENT: DISARM) (DAMTYE: BRUTE)</font>
[19:21:17]ATTACK: <font color='red'>Unknown (deathsquied) disarmed John Reverend (as Manny Quiles) (lawligagger)</font>
[19:21:18]ATTACK: <font color='red'>John Reverend (as Manny Quiles) (lawligagger) disarmed Unknown (deathsquied)</font>
[19:21:19]ATTACK: <font color='red'>Unknown (deathsquied) disarmed John Reverend (as Manny Quiles) (lawligagger)</font>
[19:21:21]ATTACK: <font color='red'>Unknown (deathsquied) disarmed John Reverend (as Manny Quiles) (lawligagger)</font>
[19:29:43]ATTACK: <font color='red'>Captain (deathsquied) shot Ian () with a the laser</font>
[19:29:43]ATTACK: <font color='red'>Captain (deathsquied) shot Ian () with a the laser</font>
[19:29:44]ATTACK: <font color='red'>Captain (deathsquied) shot Ian () with a the laser</font>
[19:42:13]ATTACK: <font color='red'>Captain (deathsquied) disarmed Captain (deathsquied)</font>
[19:44:18]ATTACK: <font color='red'>Clown (lawligagger) attacked Clown (lawligagger) with Manny Quiles's brain (INTENT: GRAB) (DAMTYE: BRUTE)</font>
[19:46:44]ATTACK: <font color='red'>Captain (deathsquied) attacked Captain (deathsquied) with power cell (INTENT: DISARM) (DAMTYE: BRUTE)</font>
[19:47:06]ATTACK: <font color='red'>Clown (lawligagger) attacked Clown (lawligagger) with Manny Quiles's brain (INTENT: GRAB) (DAMTYE: BRUTE)</font>
[19:50:16]ATTACK: <font color='red'>Captain (deathsquied) shot Clown (lawligagger) with a the electrode</font>
[19:50:22]ATTACK: <font color='red'>Clown (lawligagger) shot Captain (deathsquied) with a the laser</font>
[19:50:50]ATTACK: <font color='red'>Captain (deathsquied) shot Clown (lawligagger) with a the electrode</font>
[19:50:52]ATTACK: <font color='red'>Captain (deathsquied) shot Clown (lawligagger) with a the electrode</font>
[19:50:53]ATTACK: <font color='red'>Captain (deathsquied) shot Clown (lawligagger) with a the electrode</font>
[19:50:56]ATTACK: <font color='red'>Captain (deathsquied) attacked Clown (lawligagger) with energy blade (INTENT: DISARM) (DAMTYE: BRUTE)</font>
[19:50:57]ATTACK: <font color='red'>Captain (deathsquied) attacked Clown (lawligagger) with energy blade (INTENT: DISARM) (DAMTYE: BRUTE)</font>
[19:50:58]ATTACK: <font color='red'>Captain (deathsquied) attacked Clown (lawligagger) with energy blade (INTENT: DISARM) (DAMTYE: BRUTE)</font>
[19:50:59]ATTACK: <font color='red'>Captain (deathsquied) attacked Clown (lawligagger) with energy blade (INTENT: DISARM) (DAMTYE: BRUTE)</font>
[19:51:00]ATTACK: <font color='red'>Captain (deathsquied) attacked Clown (lawligagger) with energy blade (INTENT: DISARM) (DAMTYE: BRUTE)</font>
[19:51:01]ATTACK: <font color='red'>Captain (deathsquied) attacked Clown (lawligagger) with energy blade (INTENT: DISARM) (DAMTYE: BRUTE)</font>
[19:51:03]ATTACK: <font color='red'>Captain (deathsquied) attacked Clown (lawligagger) with energy blade (INTENT: DISARM) (DAMTYE: BRUTE)</font>
[19:51:04]ATTACK: <font color='red'>Captain (deathsquied) attacked Clown (lawligagger) with energy blade (INTENT: DISARM) (DAMTYE: BRUTE)</font>
[19:51:07]ATTACK: <font color='red'>Captain (deathsquied) attacked Clown (lawligagger) with energy blade (INTENT: DISARM) (DAMTYE: BRUTE)</font>
[19:51:08]ATTACK: <font color='red'>Captain (deathsquied) attacked Clown (lawligagger) with energy blade (INTENT: DISARM) (DAMTYE: BRUTE)</font>
[19:51:09]ATTACK: <font color='red'>Captain (deathsquied) attacked Clown (lawligagger) with energy blade (INTENT: DISARM) (DAMTYE: BRUTE)</font>
[19:51:10]ATTACK: <font color='red'>Captain (deathsquied) attacked Clown () with energy blade (INTENT: DISARM) (DAMTYE: BRUTE)</font>
[19:51:11]ATTACK: <font color='red'>Captain (deathsquied) attacked Clown () with energy blade (INTENT: DISARM) (DAMTYE: BRUTE)</font>
[19:51:13]ATTACK: <font color='red'>Captain (deathsquied) attacked Clown () with energy blade (INTENT: DISARM) (DAMTYE: BRUTE)</font>


Starting up. 19:56.24
---------------------


Starting up. 20:44.14
---------------------
[20:51:03]ATTACK: <font color='red'>Sarah Monique (deathsquied) attacked John Reverend (lawligagger) with boxing gloves (INTENT: HARM) (DAMTYE: BRUTE)</font>
[20:51:36]ATTACK: <font color='red'>John Reverend (lawligagger) was hit by the taser gun, last touched by Sarah Monique (deathsquied)</font>
[20:51:44]ATTACK: <font color='red'>Sarah Monique (deathsquied) attacked John Reverend (lawligagger) with captain's gloves (INTENT: HARM) (DAMTYE: BRUTE)</font>
[20:52:15]ATTACK: <font color='red'>Sarah Monique (deathsquied) punched John Reverend (lawligagger)</font>
[20:52:16]ATTACK: <font color='red'>Sarah Monique (deathsquied) punched John Reverend (lawligagger)</font>
[20:53:15]ATTACK: <font color='red'>Sarah Monique (deathsquied) stungloved John Reverend (lawligagger)</font>
[20:55:15]ATTACK: <font color='red'>John Reverend (lawligagger) shot Sarah Monique (deathsquied) with a the pulse</font>


Starting up. 21:02.45
---------------------


Starting up. 21:48.22
---------------------
[21:55:20]ATTACK: <font color='red'>John Reverend (lawligagger) disarmed John Reverend (lawligagger)</font>
[21:56:15]ATTACK: <font color='red'>John Reverend (lawligagger) attacked John Reverend (lawligagger) with mechanical toolbox (INTENT: DISARM) (DAMTYE: BRUTE)</font>
[21:56:29]ATTACK: <font color='red'>UNKNOWN shot John Reverend (lawligagger) with a the electrode</font>


Starting up. 22:34.29
---------------------
[01:12:35]ATTACK: <font color='red'>Manny Quiles (zymechra) disarmed John Reverend (lawligagger)</font>
[01:12:36]ATTACK: <font color='red'>Fuck The Niggers (yolocooey) disarmed John Reverend (lawligagger)</font>
[01:12:38]ATTACK: <font color='red'>Fuck The Niggers (yolocooey) disarmed John Reverend (lawligagger)</font>
[01:12:39]ATTACK: <font color='red'>Fuck The Niggers (yolocooey) disarmed John Reverend (lawligagger)</font>
[01:12:40]ATTACK: <font color='red'>Fuck The Niggers (yolocooey) disarmed John Reverend (lawligagger)</font>
[01:12:41]ATTACK: <font color='red'>Manny Quiles (zymechra) attacked John Reverend (lawligagger) with fire axe (Wielded) (INTENT: DISARM) (DAMTYE: BRUTE)</font>
[01:12:42]ATTACK: <font color='red'>Fuck The Niggers (yolocooey) disarmed John Reverend (lawligagger)</font>
[01:12:43]ATTACK: <font color='red'>Manny Quiles (zymechra) attacked John Reverend (lawligagger) with fire axe (Wielded) (INTENT: DISARM) (DAMTYE: BRUTE)</font>
[01:12:44]ATTACK: <font color='red'>Fuck The Niggers (yolocooey) disarmed John Reverend (lawligagger)</font>
[01:12:44]ATTACK: <font color='red'>Manny Quiles (zymechra) attacked John Reverend (lawligagger) with fire axe (Wielded) (INTENT: DISARM) (DAMTYE: BRUTE)</font>
[01:12:45]ATTACK: <font color='red'>Fuck The Niggers (yolocooey) disarmed John Reverend (lawligagger)</font>
[01:12:45]ATTACK: <font color='red'>Manny Quiles (zymechra) attacked John Reverend (lawligagger) with fire axe (Wielded) (INTENT: DISARM) (DAMTYE: BRUTE)</font>
[01:12:46]ATTACK: <font color='red'>Fuck The Niggers (yolocooey) disarmed John Reverend (lawligagger)</font>
[01:12:46]ATTACK: <font color='red'>Manny Quiles (zymechra) attacked John Reverend (lawligagger) with fire axe (Wielded) (INTENT: DISARM) (DAMTYE: BRUTE)</font>
[01:12:47]ATTACK: <font color='red'>Fuck The Niggers (yolocooey) disarmed John Reverend (lawligagger)</font>
[01:12:47]ATTACK: <font color='red'>Manny Quiles (zymechra) attacked John Reverend (lawligagger) with fire axe (Wielded) (INTENT: DISARM) (DAMTYE: BRUTE)</font>
[01:12:48]ATTACK: <font color='red'>Fuck The Niggers (yolocooey) disarmed John Reverend (lawligagger)</font>
[01:12:48]ATTACK: <font color='red'>Manny Quiles (zymechra) attacked John Reverend (lawligagger) with fire axe (Wielded) (INTENT: DISARM) (DAMTYE: BRUTE)</font>
[01:12:49]ATTACK: <font color='red'>Manny Quiles (zymechra) attacked John Reverend (lawligagger) with fire axe (Wielded) (INTENT: DISARM) (DAMTYE: BRUTE)</font>
[01:12:49]ATTACK: <font color='red'>Fuck The Niggers (yolocooey) disarmed John Reverend (lawligagger)</font>
[01:12:50]ATTACK: <font color='red'>Manny Quiles (zymechra) attacked John Reverend (lawligagger) with fire axe (Wielded) (INTENT: DISARM) (DAMTYE: BRUTE)</font>
[01:12:52]ATTACK: <font color='red'>Manny Quiles (zymechra) attacked John Reverend (lawligagger) with fire axe (Wielded) (INTENT: DISARM) (DAMTYE: BRUTE)</font>
[01:12:54]ATTACK: <font color='red'>Manny Quiles (zymechra) attacked John Reverend (lawligagger) with fire axe (Wielded) (INTENT: DISARM) (DAMTYE: BRUTE)</font>
[01:12:54]ATTACK: <font color='red'>Fuck The Niggers (yolocooey) punched John Reverend (lawligagger)</font>
[01:12:55]ATTACK: <font color='red'>Manny Quiles (zymechra) attacked John Reverend (lawligagger) with fire axe (Wielded) (INTENT: DISARM) (DAMTYE: BRUTE)</font>
[01:12:55]ATTACK: <font color='red'>Fuck The Niggers (yolocooey) punched John Reverend (lawligagger)</font>
[01:12:56]ATTACK: <font color='red'>Manny Quiles (zymechra) attacked John Reverend (lawligagger) with fire axe (Wielded) (INTENT: DISARM) (DAMTYE: BRUTE)</font>
[01:12:56]ATTACK: <font color='red'>Fuck The Niggers (yolocooey) punched John Reverend (lawligagger)</font>
[01:12:57]ATTACK: <font color='red'>Fuck The Niggers (yolocooey) punched John Reverend (lawligagger)</font>
[01:12:57]ATTACK: <font color='red'>Manny Quiles (zymechra) attacked John Reverend (lawligagger) with fire axe (Wielded) (INTENT: DISARM) (DAMTYE: BRUTE)</font>
[01:12:58]ATTACK: <font color='red'>Fuck The Niggers (yolocooey) punched John Reverend (lawligagger)</font>
[01:12:58]ATTACK: <font color='red'>Manny Quiles (zymechra) attacked John Reverend (lawligagger) with fire axe (Wielded) (INTENT: DISARM) (DAMTYE: BRUTE)</font>
[01:12:59]ATTACK: <font color='red'>Manny Quiles (zymechra) attacked John Reverend (lawligagger) with fire axe (Wielded) (INTENT: DISARM) (DAMTYE: BRUTE)</font>
[01:12:59]ATTACK: <font color='red'>Fuck The Niggers (yolocooey) punched John Reverend (lawligagger)</font>
[01:13:00]ATTACK: <font color='red'>Manny Quiles (zymechra) attacked John Reverend (lawligagger) with fire axe (Wielded) (INTENT: DISARM) (DAMTYE: BRUTE)</font>
[01:13:02]ATTACK: <font color='red'>Manny Quiles (zymechra) attacked John Reverend (lawligagger) with fire axe (Wielded) (INTENT: DISARM) (DAMTYE: BRUTE)</font>
[01:13:03]ATTACK: <font color='red'>John Reverend (lawligagger) disarmed Manny Quiles (zymechra)</font>
[01:13:04]ATTACK: <font color='red'>John Reverend (lawligagger) disarmed Manny Quiles (zymechra)</font>
[01:13:07]ATTACK: <font color='red'>Manny Quiles (zymechra) disarmed John Reverend (lawligagger)</font>
[01:13:10]ATTACK: <font color='red'>Fuck The Niggers (yolocooey) disarmed John Reverend (lawligagger)</font>
[01:13:11]ATTACK: <font color='red'>Manny Quiles (zymechra) disarmed John Reverend (lawligagger)</font>
[01:13:12]ATTACK: <font color='red'>Manny Quiles (zymechra) disarmed John Reverend (lawligagger)</font>
[01:13:16]ATTACK: <font color='red'>Manny Quiles (zymechra) disarmed John Reverend (lawligagger)</font>
[01:13:21]ATTACK: <font color='red'>Fuck The Niggers (yolocooey) punched John Reverend (lawligagger)</font>
[01:13:23]ATTACK: <font color='red'>John Reverend (lawligagger) disarmed Manny Quiles (zymechra)</font>
[01:13:24]ATTACK: <font color='red'>Fuck The Niggers (yolocooey) punched John Reverend (lawligagger)</font>
[01:13:25]ATTACK: <font color='red'>Fuck The Niggers (yolocooey) punched John Reverend (lawligagger)</font>
[01:13:26]ATTACK: <font color='red'>Fuck The Niggers (yolocooey) punched John Reverend (lawligagger)</font>
[01:13:28]ATTACK: <font color='red'>Fuck The Niggers (yolocooey) punched John Reverend (lawligagger)</font>
[01:13:29]ATTACK: <font color='red'>Fuck The Niggers (yolocooey) punched John Reverend (lawligagger)</font>
[01:13:30]ATTACK: <font color='red'>Manny Quiles (zymechra) grabbed the neck of John Reverend (lawligagger)</font>
[01:13:30]ATTACK: <font color='red'>Fuck The Niggers (yolocooey) punched John Reverend (lawligagger)</font>
[01:13:31]ATTACK: <font color='red'>Fuck The Niggers (yolocooey) punched John Reverend (lawligagger)</font>
[01:13:33]ATTACK: <font color='red'>Fuck The Niggers (yolocooey) punched John Reverend (lawligagger)</font>
[01:13:34]ATTACK: <font color='red'>Fuck The Niggers (yolocooey) punched John Reverend (lawligagger)</font>
[01:13:35]ATTACK: <font color='red'>Fuck The Niggers (yolocooey) punched John Reverend (lawligagger)</font>
[01:13:36]ATTACK: <font color='red'>Fuck The Niggers (yolocooey) punched John Reverend (lawligagger)</font>
[01:13:38]ATTACK: <font color='red'>Fuck The Niggers (yolocooey) punched John Reverend (lawligagger)</font>
[01:13:40]ATTACK: <font color='red'>Fuck The Niggers (yolocooey) punched John Reverend (lawligagger)</font>
[01:13:40]ATTACK: <font color='red'>Manny Quiles (zymechra) Strangled (kill intent) John Reverend (lawligagger)</font>
[01:13:41]ATTACK: <font color='red'>Fuck The Niggers (yolocooey) punched John Reverend (lawligagger)</font>
[01:13:42]ATTACK: <font color='red'>Fuck The Niggers (yolocooey) punched John Reverend (lawligagger)</font>
[01:13:43]ATTACK: <font color='red'>Fuck The Niggers (yolocooey) punched John Reverend (lawligagger)</font>
[01:13:44]ATTACK: <font color='red'>Fuck The Niggers (yolocooey) punched John Reverend (lawligagger)</font>
[01:13:45]ATTACK: <font color='red'>Fuck The Niggers (yolocooey) punched John Reverend (lawligagger)</font>
[01:13:46]ATTACK: <font color='red'>Fuck The Niggers (yolocooey) punched John Reverend (lawligagger)</font>
[01:14:27]ATTACK: <font color='red'>Fuck The Niggers (yolocooey) punched John Reverend (lawligagger)</font>
[01:14:27]ATTACK: <font color='red'>John Reverend (lawligagger) punched Fuck The Niggers (yolocooey)</font>
[01:14:28]ATTACK: <font color='red'>Fuck The Niggers (yolocooey) punched John Reverend (lawligagger)</font>
[01:14:29]ATTACK: <font color='red'>John Reverend (lawligagger) punched Fuck The Niggers (yolocooey)</font>
[01:14:29]ATTACK: <font color='red'>Fuck The Niggers (yolocooey) punched John Reverend (lawligagger)</font>
[01:14:36]ATTACK: <font color='red'>John Reverend (lawligagger) punched Fuck The Niggers (yolocooey)</font>
[01:14:37]ATTACK: <font color='red'>Fuck The Niggers (yolocooey) punched John Reverend (lawligagger)</font>
[01:15:16]ATTACK: <font color='red'>Manny Quiles (zymechra) shot John Reverend (lawligagger) with a the laser</font>
[01:15:18]ATTACK: <font color='red'>Manny Quiles (zymechra) shot John Reverend (lawligagger) with a the laser</font>
[01:15:18]ATTACK: <font color='red'>Manny Quiles (zymechra) shot John Reverend (lawligagger) with a the laser</font>
[01:15:18]ATTACK: <font color='red'>John Reverend (lawligagger) shot Manny Quiles (zymechra) with a the laser</font>
[01:15:20]ATTACK: <font color='red'>Manny Quiles (zymechra) shot John Reverend (lawligagger) with a the laser</font>
[01:15:22]ATTACK: <font color='red'>Manny Quiles (zymechra) shot John Reverend (lawligagger) with a the laser</font>
[01:15:22]ATTACK: <font color='red'>Manny Quiles (zymechra) shot John Reverend (lawligagger) with a the laser</font>
[01:15:23]ATTACK: <font color='red'>Manny Quiles (zymechra) shot John Reverend (lawligagger) with a the laser</font>
[01:15:23]ATTACK: <font color='red'>Manny Quiles (zymechra) shot John Reverend (lawligagger) with a the laser</font>
[01:15:24]ATTACK: <font color='red'>Manny Quiles (zymechra) shot John Reverend (lawligagger) with a the laser</font>
[01:15:24]ATTACK: <font color='red'>Manny Quiles (zymechra) shot John Reverend (lawligagger) with a the laser</font>
[01:15:30]ATTACK: <font color='red'>Manny Quiles (zymechra) shot John Reverend (lawligagger) with a the electrode</font>
[01:15:34]ATTACK: <font color='red'>Manny Quiles (zymechra) shot John Reverend (lawligagger) with a the electrode</font>
[01:15:42]ATTACK: <font color='red'>John Reverend (lawligagger) punched John Reverend (lawligagger)</font>
[01:15:45]ATTACK: <font color='red'>John Reverend (lawligagger) shot Manny Quiles (zymechra) with a the laser</font>
[01:15:46]ATTACK: <font color='red'>John Reverend (lawligagger) shot Manny Quiles (zymechra) with a the laser</font>
[01:15:48]ATTACK: <font color='red'>John Reverend (lawligagger) shot Manny Quiles (zymechra) with a the laser</font>
[01:15:48]ATTACK: <font color='red'>Manny Quiles (zymechra) shot John Reverend (lawligagger) with a the electrode</font>
[01:15:49]ATTACK: <font color='red'>Manny Quiles (zymechra) shot John Reverend (lawligagger) with a the electrode</font>
[01:15:52]ATTACK: <font color='red'>Manny Quiles (zymechra) shot John Reverend (lawligagger) with a the laser</font>
[01:15:53]ATTACK: <font color='red'>Manny Quiles (zymechra) shot John Reverend (lawligagger) with a the laser</font>
[01:15:53]ATTACK: <font color='red'>Manny Quiles (zymechra) shot John Reverend (lawligagger) with a the laser</font>
[01:15:54]ATTACK: <font color='red'>Manny Quiles (zymechra) shot John Reverend (lawligagger) with a the laser</font>
[01:15:54]ATTACK: <font color='red'>Manny Quiles (zymechra) shot John Reverend (lawligagger) with a the laser</font>
[01:15:55]ATTACK: <font color='red'>Manny Quiles (zymechra) shot John Reverend (lawligagger) with a the laser</font>
[01:16:02]ATTACK: <font color='red'>John Reverend (lawligagger) shot Manny Quiles (zymechra) with a the laser</font>
[01:16:10]ATTACK: <font color='red'>Manny Quiles (zymechra) was hit by the laser gun, last touched by John Reverend (lawligagger)</font>
