

Starting up. 01:18.35
---------------------


Starting up. 03:41.11
---------------------


Starting up. 03:50.51
---------------------


Starting up. 08:08.53
---------------------


Starting up. 14:28.32
---------------------
[14:35:33]ATTACK: <font color='red'>Unknown (lawligagger) shot Sarah Monique (deathsquied) with a the electrode</font>
[14:35:39]ATTACK: <font color='red'>Unknown (lawligagger) shot Sarah Monique (deathsquied) with a the bullet</font>
[14:35:42]ATTACK: <font color='red'>Unknown (lawligagger) shot Sarah Monique (deathsquied) with a the bullet</font>
[14:35:46]ATTACK: <font color='red'>Unknown (lawligagger) shot Sarah Monique (deathsquied) with a the bullet</font>
[14:35:48]ATTACK: <font color='red'>Unknown (lawligagger) shot Sarah Monique (deathsquied) with a the bullet</font>
[14:35:49]ATTACK: <font color='red'>Unknown (lawligagger) shot Sarah Monique (deathsquied) with a the bullet</font>
[14:35:49]ATTACK: <font color='red'>Unknown (lawligagger) shot Sarah Monique (deathsquied) with a the bullet</font>
[14:35:57]ATTACK: <font color='red'>Unknown (lawligagger) attacked Sarah Monique (deathsquied) with stun baton (INTENT: HARM) (DAMTYE: BRUTE)</font>
[14:36:43]ATTACK: <font color='red'>John Reverend (lawligagger) attacked Sarah Monique (deathsquied) with cryptographic sequencer (INTENT: HARM) (DAMTYE: BRUTE)</font>
[14:36:44]ATTACK: <font color='red'>John Reverend (lawligagger) attacked Sarah Monique (deathsquied) with cryptographic sequencer (INTENT: HARM) (DAMTYE: BRUTE)</font>
[14:44:54]ATTACK: <font color='red'>Lane Roby (taloc111) was hit by the revolver, last touched by John Reverend (lawligagger)</font>
[14:50:45]ATTACK: <font color='red'>John Reverend (lawligagger) shot Lane Roby (taloc111) with a the laser</font>
[14:50:58]ATTACK: <font color='red'>John Reverend (lawligagger) shot Pocket (zymechra) with a the electrode</font>
[14:51:01]ATTACK: <font color='red'>John Reverend (lawligagger) shot Pocket (zymechra) with a the laser</font>
[14:53:30]ATTACK: <font color='red'>John Reverend (lawligagger) shot Pocket (zymechra) with a the electrode</font>
[14:55:00]ATTACK: <font color='red'>Sarah Monique (deathsquied) shot Pocket (zymechra) with a the electrode</font>
[14:55:09]ATTACK: <font color='red'>Pocket (zymechra) disarmed Sarah Monique (deathsquied)</font>
[14:55:14]ATTACK: <font color='red'>Sarah Monique (deathsquied) shot Pocket (zymechra) with a the electrode</font>
[14:57:28]ATTACK: <font color='red'>John Reverend (lawligagger) shot Sarah Monique (deathsquied) with a the laser</font>
[14:57:31]ATTACK: <font color='red'>John Reverend (lawligagger) shot Sarah Monique (deathsquied) with a the laser</font>
[14:57:42]ATTACK: <font color='red'>John Reverend (lawligagger) shot Sarah Monique (deathsquied) with a the laser</font>
[14:57:51]ATTACK: <font color='red'>John Reverend (lawligagger) shot Sarah Monique (deathsquied) with a the electrode</font>
[14:58:21]ATTACK: <font color='red'>John Reverend (lawligagger) shot the grey baby slime (631) () with a the laser</font>
[14:58:22]ATTACK: <font color='red'>John Reverend (lawligagger) shot the grey baby slime (631) () with a the laser</font>
[14:58:23]ATTACK: <font color='red'>John Reverend (lawligagger) shot Pocket (zymechra) with a the laser</font>
[14:58:30]ATTACK: <font color='red'>John Reverend (lawligagger) shot the grey baby slime (631) () with a the laser</font>
[14:58:31]ATTACK: <font color='red'>John Reverend (lawligagger) shot the grey baby slime (631) () with a the laser</font>
[14:58:32]ATTACK: <font color='red'>John Reverend (lawligagger) shot the grey baby slime (631) () with a the laser</font>
[14:58:32]ATTACK: <font color='red'>John Reverend (lawligagger) shot the grey baby slime (631) () with a the laser</font>
[14:58:33]ATTACK: <font color='red'>John Reverend (lawligagger) shot the grey baby slime (631) () with a the laser</font>
[14:58:34]ATTACK: <font color='red'>John Reverend (lawligagger) shot the grey baby slime (631) () with a the laser</font>
[14:58:34]ATTACK: <font color='red'>John Reverend (lawligagger) shot the grey baby slime (631) () with a the laser</font>
[14:58:36]ATTACK: <font color='red'>Sarah Monique (deathsquied) shot John Reverend (lawligagger) with a the electrode</font>
[14:58:38]ATTACK: <font color='red'>Sarah Monique (deathsquied) shot the grey baby slime (631) () with a the electrode</font>
[14:58:40]ATTACK: <font color='red'>Sarah Monique (deathsquied) shot the grey baby slime (631) () with a the electrode</font>
[14:58:54]ATTACK: <font color='red'>Sarah Monique (deathsquied) shot John Reverend (lawligagger) with a the electrode</font>
[14:59:18]ATTACK: <font color='red'>Sarah Monique (deathsquied) shot the grey baby slime (631) () with a the bolt</font>
[14:59:18]ATTACK: <font color='red'>Sarah Monique (deathsquied) shot the grey baby slime (631) () with a the bolt</font>
[15:00:07]ATTACK: <font color='red'>Sarah Monique (deathsquied) attacked grey baby slime (631) () with energy sword (INTENT: HARM) (DAMTYE: BRUTE)</font>
[15:00:08]ATTACK: <font color='red'>Sarah Monique (deathsquied) attacked grey baby slime (631) () with energy sword (INTENT: HARM) (DAMTYE: BRUTE)</font>
[15:00:10]ATTACK: <font color='red'>Sarah Monique (deathsquied) attacked grey baby slime (631) () with energy sword (INTENT: HARM) (DAMTYE: BRUTE)</font>
[15:00:11]ATTACK: <font color='red'>Sarah Monique (deathsquied) attacked grey baby slime (631) () with energy sword (INTENT: HARM) (DAMTYE: BRUTE)</font>
[15:00:13]ATTACK: <font color='red'>Sarah Monique (deathsquied) attacked grey baby slime (631) () with energy sword (INTENT: HARM) (DAMTYE: BRUTE)</font>
[15:00:21]ATTACK: <font color='red'>Sarah Monique (deathsquied) attacked grey baby slime (631) () with energy sword (INTENT: HARM) (DAMTYE: BRUTE)</font>
[15:00:25]ATTACK: <font color='red'>Sarah Monique (deathsquied) attacked grey baby slime (631) () with energy sword (INTENT: HARM) (DAMTYE: BRUTE)</font>
[15:00:52]ATTACK: <font color='red'> Pocket (zymechra) attacked Unknown (@lawligagger) with fork (INTENT: GRAB)</font>
[15:00:53]ATTACK: <font color='red'> Pocket (zymechra) attacked Unknown (@lawligagger) with fork (INTENT: GRAB)</font>
[15:00:56]ATTACK: <font color='red'> Pocket (zymechra) attacked Unknown (@lawligagger) with fork (INTENT: GRAB)</font>
[15:00:58]ATTACK: <font color='red'> Pocket (zymechra) attacked Unknown (@lawligagger) with fork (INTENT: GRAB)</font>
[15:01:03]ATTACK: <font color='red'> Pocket (zymechra) attacked Unknown (@lawligagger) with fork (INTENT: GRAB)</font>
[15:01:07]ATTACK: <font color='red'> Pocket (zymechra) attacked Unknown (@lawligagger) with fork (INTENT: GRAB)</font>
[15:01:08]ATTACK: <font color='red'> Pocket (zymechra) attacked Unknown (@lawligagger) with fork (INTENT: GRAB)</font>
[15:01:11]ATTACK: <font color='red'> Pocket (zymechra) attacked Unknown (@lawligagger) with fork (INTENT: GRAB)</font>
[15:01:13]ATTACK: <font color='red'> Pocket (zymechra) attacked Unknown (@lawligagger) with fork (INTENT: GRAB)</font>
[15:01:14]ATTACK: <font color='red'> Pocket (zymechra) attacked Unknown (@lawligagger) with fork (INTENT: GRAB)</font>
[15:01:45]ATTACK: <font color='red'>Sarah Monique (deathsquied) attacked grey baby slime (631) () with energy sword (INTENT: HARM) (DAMTYE: BRUTE)</font>
[15:01:46]ATTACK: <font color='red'>Sarah Monique (deathsquied) attacked grey baby slime (631) () with energy sword (INTENT: HARM) (DAMTYE: BRUTE)</font>
[15:01:50]ATTACK: <font color='red'>Sarah Monique (deathsquied) attacked grey baby slime (631) () with energy sword (INTENT: HARM) (DAMTYE: BRUTE)</font>
[15:01:51]ATTACK: <font color='red'>Sarah Monique (deathsquied) attacked grey baby slime (631) () with energy sword (INTENT: HARM) (DAMTYE: BRUTE)</font>
[15:01:52]ATTACK: <font color='red'>Sarah Monique (deathsquied) attacked grey baby slime (631) () with energy sword (INTENT: HARM) (DAMTYE: BRUTE)</font>
[15:01:53]ATTACK: <font color='red'>Sarah Monique (deathsquied) attacked grey baby slime (631) () with energy sword (INTENT: HARM) (DAMTYE: BRUTE)</font>
[15:01:55]ATTACK: <font color='red'>Sarah Monique (deathsquied) attacked grey baby slime (631) () with energy sword (INTENT: HARM) (DAMTYE: BRUTE)</font>
[15:01:56]ATTACK: <font color='red'>Sarah Monique (deathsquied) attacked grey baby slime (631) () with energy sword (INTENT: HARM) (DAMTYE: BRUTE)</font>
[15:01:57]ATTACK: <font color='red'>Sarah Monique (deathsquied) attacked grey baby slime (631) () with energy sword (INTENT: HARM) (DAMTYE: BRUTE)</font>
[15:01:58]ATTACK: <font color='red'>Sarah Monique (deathsquied) attacked grey baby slime (631) () with energy sword (INTENT: HARM) (DAMTYE: BRUTE)</font>
[15:01:59]ATTACK: <font color='red'>Sarah Monique (deathsquied) attacked grey baby slime (631) () with energy sword (INTENT: HARM) (DAMTYE: BRUTE)</font>
[15:02:00]ATTACK: <font color='red'>Sarah Monique (deathsquied) attacked grey baby slime (631) () with energy sword (INTENT: HARM) (DAMTYE: BRUTE)</font>
[15:02:01]ATTACK: <font color='red'>Sarah Monique (deathsquied) attacked grey baby slime (631) () with energy sword (INTENT: HARM) (DAMTYE: BRUTE)</font>
[15:04:17]ATTACK: <font color='red'>Sarah Monique (deathsquied) shot  SMIGGY (lawligagger) with a the bolt</font>
[15:04:18]ATTACK: <font color='red'>Sarah Monique (deathsquied) shot  SMIGGY (lawligagger) with a the bolt</font>
[15:04:54]ATTACK: <font color='red'>Pocket (zymechra) was hit by the toxin first aid, last touched by Unknown (taloc111)</font>
[15:05:07]ATTACK: <font color='red'>Sarah Monique (deathsquied) attacked  SMIGGY (lawligagger) with energy sword (INTENT: GRAB) (DAMTYE: BRUTE)</font>
[15:05:07]ATTACK: <font color='red'> SMIGGY (lawligagger) attacked Sarah Monique (deathsquied) with fire axe (Wielded) (INTENT: HELP) (DAMTYE: BRUTE)</font>
[15:05:08]ATTACK: <font color='red'>Sarah Monique (deathsquied) attacked  SMIGGY (lawligagger) with energy sword (INTENT: GRAB) (DAMTYE: BRUTE)</font>
[15:05:08]ATTACK: <font color='red'> SMIGGY (lawligagger) attacked Sarah Monique (deathsquied) with fire axe (Wielded) (INTENT: HELP) (DAMTYE: BRUTE)</font>
[15:05:09]ATTACK: <font color='red'>Sarah Monique (deathsquied) attacked  SMIGGY (lawligagger) with energy sword (INTENT: GRAB) (DAMTYE: BRUTE)</font>
[15:05:10]ATTACK: <font color='red'> SMIGGY (lawligagger) attacked Sarah Monique (deathsquied) with fire axe (Wielded) (INTENT: HELP) (DAMTYE: BRUTE)</font>
[15:05:11]ATTACK: <font color='red'>Sarah Monique (deathsquied) attacked  SMIGGY (lawligagger) with energy sword (INTENT: GRAB) (DAMTYE: BRUTE)</font>
[15:05:11]ATTACK: <font color='red'> SMIGGY (lawligagger) attacked Sarah Monique (deathsquied) with fire axe (Wielded) (INTENT: HELP) (DAMTYE: BRUTE)</font>
[15:05:11]ATTACK: <font color='red'>Pocket (zymechra) attacked  SMIGGY (lawligagger) with circular saw (INTENT: GRAB) (DAMTYE: BRUTE)</font>
[15:05:12]ATTACK: <font color='red'>Sarah Monique (deathsquied) attacked  SMIGGY (lawligagger) with energy sword (INTENT: GRAB) (DAMTYE: BRUTE)</font>
[15:05:12]ATTACK: <font color='red'> SMIGGY (lawligagger) attacked Sarah Monique (deathsquied) with fire axe (Wielded) (INTENT: HELP) (DAMTYE: BRUTE)</font>
[15:05:12]ATTACK: <font color='red'>Pocket (zymechra) attacked  SMIGGY (lawligagger) with circular saw (INTENT: GRAB) (DAMTYE: BRUTE)</font>
[15:05:13]ATTACK: <font color='red'>Sarah Monique (deathsquied) attacked  SMIGGY (lawligagger) with energy sword (INTENT: GRAB) (DAMTYE: BRUTE)</font>
[15:05:13]ATTACK: <font color='red'> SMIGGY (lawligagger) attacked Pocket (zymechra) with fire axe (Wielded) (INTENT: HELP) (DAMTYE: BRUTE)</font>
[15:05:14]ATTACK: <font color='red'>Sarah Monique (deathsquied) attacked  SMIGGY (lawligagger) with energy sword (INTENT: GRAB) (DAMTYE: BRUTE)</font>
[15:05:15]ATTACK: <font color='red'> SMIGGY (lawligagger) attacked Sarah Monique (deathsquied) with fire axe (Wielded) (INTENT: HELP) (DAMTYE: BRUTE)</font>
[15:05:15]ATTACK: <font color='red'>Sarah Monique (deathsquied) attacked  SMIGGY (lawligagger) with energy sword (INTENT: GRAB) (DAMTYE: BRUTE)</font>
[15:05:16]ATTACK: <font color='red'> SMIGGY (lawligagger) attacked Sarah Monique (deathsquied) with fire axe (Wielded) (INTENT: HELP) (DAMTYE: BRUTE)</font>
[15:05:16]ATTACK: <font color='red'>Sarah Monique (deathsquied) attacked  SMIGGY (lawligagger) with energy sword (INTENT: GRAB) (DAMTYE: BRUTE)</font>
[15:05:20]ATTACK: <font color='red'>Pocket (zymechra) attacked  SMIGGY (lawligagger) with circular saw (INTENT: GRAB) (DAMTYE: BRUTE)</font>
[15:05:21]ATTACK: <font color='red'> SMIGGY (lawligagger) attacked Pocket (zymechra) with fire axe (Wielded) (INTENT: HELP) (DAMTYE: BRUTE)</font>
[15:05:22]ATTACK: <font color='red'> SMIGGY (lawligagger) attacked Pocket (zymechra) with fire axe (Wielded) (INTENT: HELP) (DAMTYE: BRUTE)</font>
[15:06:03]ATTACK: <font color='red'> SMIGGY (lawligagger) attacked Pocket (zymechra) with fire axe (Wielded) (INTENT: HELP) (DAMTYE: BRUTE)</font>
[15:06:51]ATTACK: <font color='red'> SMIGGY (lawligagger) attacked Sarah Monique (deathsquied) with fire axe (Wielded) (INTENT: HELP) (DAMTYE: BRUTE)</font>
[15:09:41]ATTACK: <font color='red'>John Reverend (lawligagger) disarmed Lane Roby (taloc111)</font>
[15:09:42]ATTACK: <font color='red'>John Reverend (lawligagger) disarmed Lane Roby (taloc111)</font>
[15:09:45]ATTACK: <font color='red'>John Reverend (lawligagger) disarmed Lane Roby (taloc111)</font>
[15:09:47]ATTACK: <font color='red'>John Reverend (lawligagger) disarmed Lane Roby (taloc111)</font>
[15:10:31]ATTACK: <font color='red'>John Reverend (lawligagger) disarmed Pocket (zymechra)</font>
[15:12:28]ATTACK:  <font color='red'>Engineering Cyborg-721 (lawligagger) used the Electrified Arm to attack Lane Roby (taloc111)</font>
[15:23:51]ATTACK: <font color='red'>CLOWN FRIEND (lawligagger) shot Sarah Monique (deathsquied) with a the electrode</font>
[15:23:53]ATTACK: <font color='red'>CLOWN FRIEND (lawligagger) attacked Sarah Monique (deathsquied) with stun baton (INTENT: HARM) (DAMTYE: BRUTE)</font>
[15:23:53]ATTACK: <font color='red'>CLOWN FRIEND (lawligagger) stunned Sarah Monique (deathsquied) with stun baton</font>
[15:23:56]ATTACK: <font color='red'>CLOWN FRIEND (lawligagger) stunned Sarah Monique (deathsquied) with stun baton</font>
[15:23:58]ATTACK: <font color='red'>CLOWN FRIEND (lawligagger) stunned Sarah Monique (deathsquied) with stun baton</font>
[15:24:01]ATTACK: <font color='red'>CLOWN FRIEND (lawligagger) attacked Sarah Monique (deathsquied) with stun baton (INTENT: HARM) (DAMTYE: BRUTE)</font>
[15:24:01]ATTACK: <font color='red'>CLOWN FRIEND (lawligagger) stunned Sarah Monique (deathsquied) with stun baton</font>
[15:32:49]ATTACK: <font color='red'>Lane Roby (taloc111) was hit by Iron ore, last touched by Lane Roby (taloc111)</font>
[15:33:11]ATTACK: <font color='red'>CLOWN FRIEND (lawligagger) shot Sarah Monique (deathsquied) with a the electrode</font>
[15:34:07]ATTACK: <font color='red'>CLOWN FRIEND (lawligagger) attacked Sarah Monique (deathsquied) with Friend Stick (INTENT: HARM) (DAMTYE: BRUTE)</font>
[15:34:07]ATTACK: <font color='red'>CLOWN FRIEND (lawligagger) stunned Sarah Monique (deathsquied) with Friend Stick</font>
[15:35:58]ATTACK: <font color='red'>CLOWN FRIEND (lawligagger) shot the space carp () with a the laser</font>
[15:35:59]ATTACK: <font color='red'>CLOWN FRIEND (lawligagger) shot the space carp () with a the laser</font>
[15:35:59]ATTACK: <font color='red'>CLOWN FRIEND (lawligagger) shot the space carp () with a the laser</font>
[15:36:00]ATTACK: <font color='red'>CLOWN FRIEND (lawligagger) shot the space carp () with a the laser</font>
[15:36:00]ATTACK: <font color='red'>CLOWN FRIEND (lawligagger) shot the space carp () with a the laser</font>
[15:36:21]ATTACK: <font color='red'>CLOWN FRIEND (lawligagger) attacked Lane Roby (taloc111) with Friend Stick (INTENT: HARM) (DAMTYE: BRUTE)</font>
[15:36:21]ATTACK: <font color='red'>CLOWN FRIEND (lawligagger) stunned Lane Roby (taloc111) with Friend Stick</font>
[15:37:30]ATTACK: <font color='red'>CLOWN FRIEND (lawligagger) attacked CLOWN FRIEND (lawligagger) with Friend Stick (INTENT: HARM) (DAMTYE: BRUTE)</font>
[15:39:01]ATTACK: <font color='red'>CLOWN FRIEND (lawligagger) shot Sarah Monique (deathsquied) with a the electrode</font>
[15:39:10]ATTACK: <font color='red'>CLOWN FRIEND (lawligagger) shot Sarah Monique (deathsquied) with a the electrode</font>
[15:39:14]ATTACK: <font color='red'>CLOWN FRIEND (lawligagger) attacked Sarah Monique (deathsquied) with Friend Stick (INTENT: HARM) (DAMTYE: BRUTE)</font>
[15:39:14]ATTACK: <font color='red'>CLOWN FRIEND (lawligagger) stunned Sarah Monique (deathsquied) with Friend Stick</font>
[15:39:30]ATTACK: <font color='red'>CLOWN FRIEND (lawligagger) shot Sarah Monique (deathsquied) with a the electrode</font>
[15:39:49]ATTACK: <font color='red'>Sarah Monique (deathsquied) shot CLOWN FRIEND (lawligagger) with a the laser</font>
[15:39:50]ATTACK: <font color='red'>Sarah Monique (deathsquied) shot CLOWN FRIEND (lawligagger) with a the laser</font>
[15:39:52]ATTACK: <font color='red'>Sarah Monique (deathsquied) shot CLOWN FRIEND (lawligagger) with a the laser</font>
[15:40:02]ATTACK: <font color='red'>CLOWN FRIEND (lawligagger) shot Sarah Monique (deathsquied) with a the laser</font>
[15:40:03]ATTACK: <font color='red'>CLOWN FRIEND (lawligagger) shot Sarah Monique (deathsquied) with a the laser</font>
[15:40:03]ATTACK: <font color='red'>CLOWN FRIEND (lawligagger) shot Sarah Monique (deathsquied) with a the laser</font>
[15:40:04]ATTACK: <font color='red'>CLOWN FRIEND (lawligagger) shot Sarah Monique (deathsquied) with a the laser</font>
[15:40:07]ATTACK: <font color='red'>CLOWN FRIEND (lawligagger) shot Sarah Monique (deathsquied) with a the laser</font>
[15:40:11]ATTACK: <font color='red'>CLOWN FRIEND (lawligagger) shot Sarah Monique (deathsquied) with a the laser</font>
[15:40:32]ATTACK: <font color='red'>CLOWN FRIEND (lawligagger) attacked Sarah Monique (deathsquied) with Friend Stick (INTENT: HARM) (DAMTYE: BRUTE)</font>
[15:40:32]ATTACK: <font color='red'>CLOWN FRIEND (lawligagger) stunned Sarah Monique (deathsquied) with Friend Stick</font>
[15:42:08]ATTACK: <font color='red'>CLOWN FRIEND (lawligagger) attacked CLOWN FRIEND (lawligagger) with Friend Stick (INTENT: HARM) (DAMTYE: BRUTE)</font>
[15:44:01]ATTACK: <font color='red'>Sarah Monique (deathsquied) shot the space carp () with a the laser</font>
[15:44:01]ATTACK: <font color='red'>Sarah Monique (deathsquied) shot the space carp () with a the laser</font>
[15:44:03]ATTACK: <font color='red'>Sarah Monique (deathsquied) shot the space carp () with a the laser</font>
[15:44:05]ATTACK: <font color='red'>CLOWN FRIEND (lawligagger) attacked CLOWN FRIEND (lawligagger) with Friend Stick (INTENT: HARM) (DAMTYE: BRUTE)</font>
[15:44:10]ATTACK: <font color='red'>Sarah Monique (deathsquied) shot the space carp () with a the laser</font>
[15:44:10]ATTACK: <font color='red'>Sarah Monique (deathsquied) shot the space carp () with a the laser</font>
[15:44:11]ATTACK: <font color='red'>Sarah Monique (deathsquied) shot the space carp () with a the laser</font>
[15:44:12]ATTACK: <font color='red'>Sarah Monique (deathsquied) shot the space carp () with a the laser</font>
[15:47:05]ATTACK: <font color='red'>CLOWN FRIEND (lawligagger) attacked Lane Roby (taloc111) with Friend Stick (INTENT: HARM) (DAMTYE: BRUTE)</font>
[15:47:05]ATTACK: <font color='red'>CLOWN FRIEND (lawligagger) stunned Lane Roby (taloc111) with Friend Stick</font>
[15:47:31]ATTACK: <font color='red'>CLOWN FRIEND (lawligagger) attacked CLOWN FRIEND (lawligagger) with Friend Stick (INTENT: HELP) (DAMTYE: BRUTE)</font>
[15:47:34]ATTACK: <font color='red'>Sarah Monique (deathsquied) stungloved Sarah Monique (deathsquied)</font>
[15:48:23]ATTACK: <font color='red'>CLOWN FRIEND (lawligagger) attacked CLOWN FRIEND (lawligagger) with Friend Stick (INTENT: HELP) (DAMTYE: BRUTE)</font>
[15:48:26]ATTACK: <font color='red'>Sarah Monique (deathsquied) shot the space carp () with a the laser</font>
[15:48:26]ATTACK: <font color='red'>Sarah Monique (deathsquied) shot the space carp () with a the laser</font>
[15:48:27]ATTACK: <font color='red'>Sarah Monique (deathsquied) shot the space carp () with a the laser</font>
[15:48:28]ATTACK: <font color='red'>Sarah Monique (deathsquied) shot the space carp () with a the laser</font>
[15:49:01]ATTACK: <font color='red'>Sarah Monique (deathsquied) attacked Sarah Monique (deathsquied) with cable coil (INTENT: HARM) (DAMTYE: BRUTE)</font>
[15:49:08]ATTACK: <font color='red'>CLOWN FRIEND (lawligagger) attacked CLOWN FRIEND (lawligagger) with Clown Blaster (INTENT: HELP) (DAMTYE: BRUTE)</font>
[15:49:17]ATTACK: <font color='red'>Sarah Monique (deathsquied) shot the space carp () with a the laser</font>
[15:49:18]ATTACK: <font color='red'>Sarah Monique (deathsquied) shot the space carp () with a the laser</font>
[15:49:18]ATTACK: <font color='red'>Sarah Monique (deathsquied) shot the space carp () with a the laser</font>
[15:49:19]ATTACK: <font color='red'>Sarah Monique (deathsquied) shot the space carp () with a the laser</font>
[15:49:20]ATTACK: <font color='red'>Sarah Monique (deathsquied) shot the space carp () with a the laser</font>
[15:49:29]ATTACK: <font color='red'>CLOWN FRIEND (lawligagger) shot Lane Roby (taloc111) with a the electrode</font>
[15:49:30]ATTACK: <font color='red'>Sarah Monique (deathsquied) shot the space carp () with a the laser</font>
[15:49:30]ATTACK: <font color='red'>Sarah Monique (deathsquied) shot the space carp () with a the laser</font>
[15:49:31]ATTACK: <font color='red'>Sarah Monique (deathsquied) shot the space carp () with a the laser</font>
[15:49:32]ATTACK: <font color='red'>Sarah Monique (deathsquied) shot the space carp () with a the laser</font>
[15:49:38]ATTACK: <font color='red'>CLOWN FRIEND (lawligagger) shot Lane Roby (taloc111) with a the electrode</font>
[15:49:39]ATTACK: <font color='red'>CLOWN FRIEND (lawligagger) shot Lane Roby (taloc111) with a the electrode</font>
[15:49:40]ATTACK: <font color='red'>CLOWN FRIEND (lawligagger) shot Lane Roby (taloc111) with a the electrode</font>
[15:51:42]ATTACK: <font color='red'>CLOWN FRIEND (lawligagger) stunned Horatio Rodrigues (cultofpersonality) with Friend Stick</font>
[15:51:58]ATTACK: <font color='red'>CLOWN FRIEND (lawligagger) attacked Horatio Rodrigues (cultofpersonality) with Clown Blaster (INTENT: HARM) (DAMTYE: BRUTE)</font>
[15:53:30]ATTACK: <font color='red'>CLOWN FRIEND (lawligagger) attacked Pocket () with Clown Taser (INTENT: HARM) (DAMTYE: BRUTE)</font>
[15:54:19]ATTACK: <font color='red'>CLOWN FRIEND (lawligagger) shot Pocket (zymechra) with a the electrode</font>
[15:54:43]ATTACK: <font color='red'>CLOWN FRIEND (lawligagger) attacked Lane Roby (taloc111) with Clown Taser (INTENT: HARM) (DAMTYE: BRUTE)</font>
[15:55:20]ATTACK: <font color='red'>CLOWN FRIEND (lawligagger) shot Pocket (zymechra) with a the electrode</font>
[15:55:41]ATTACK: <font color='red'>CLOWN FRIEND (lawligagger) shot Lane Roby (taloc111) with a the electrode</font>
[15:55:50]ATTACK: <font color='red'>CLOWN FRIEND (lawligagger) attacked Lane Roby (taloc111) with Friend Stick (INTENT: HARM) (DAMTYE: BRUTE)</font>
[15:55:50]ATTACK: <font color='red'>CLOWN FRIEND (lawligagger) stunned Lane Roby (taloc111) with Friend Stick</font>
[15:55:55]ATTACK: <font color='red'>CLOWN FRIEND (lawligagger) attacked Lane Roby (taloc111) with Friend Stick (INTENT: HARM) (DAMTYE: BRUTE)</font>
[15:55:56]ATTACK: <font color='red'>CLOWN FRIEND (lawligagger) stunned Lane Roby (taloc111) with Friend Stick</font>
[15:55:59]ATTACK: <font color='red'>CLOWN FRIEND (lawligagger) attacked Lane Roby (taloc111) with Friend Stick (INTENT: HARM) (DAMTYE: BRUTE)</font>
[15:55:59]ATTACK: <font color='red'>CLOWN FRIEND (lawligagger) stunned Lane Roby (taloc111) with Friend Stick</font>
[15:57:21]ATTACK: <font color='red'>CLOWN FRIEND (lawligagger) shot Sarah Monique (deathsquied) with a the electrode</font>
[15:57:33]ATTACK: <font color='red'>CLOWN FRIEND (lawligagger) attacked Sarah Monique (deathsquied) with Clown Taser (INTENT: HARM) (DAMTYE: BRUTE)</font>
[15:57:34]ATTACK: <font color='red'>CLOWN FRIEND (lawligagger) attacked Sarah Monique (deathsquied) with Clown Taser (INTENT: HARM) (DAMTYE: BRUTE)</font>
[15:57:35]ATTACK: <font color='red'>CLOWN FRIEND (lawligagger) attacked Sarah Monique (deathsquied) with Clown Taser (INTENT: HARM) (DAMTYE: BRUTE)</font>
[15:57:37]ATTACK: <font color='red'>CLOWN FRIEND (lawligagger) attacked Sarah Monique (deathsquied) with Clown Taser (INTENT: HARM) (DAMTYE: BRUTE)</font>
[15:57:42]ATTACK: <font color='red'>CLOWN FRIEND (lawligagger) attacked Sarah Monique (deathsquied) with Clown Taser (INTENT: HARM) (DAMTYE: BRUTE)</font>
[15:58:08]ATTACK: <font color='red'>CLOWN FRIEND (lawligagger) shot Pun Pun () with a the laser</font>
[15:58:10]ATTACK: <font color='red'>CLOWN FRIEND (lawligagger) shot Pun Pun () with a the laser</font>
[15:58:11]ATTACK: <font color='red'>CLOWN FRIEND (lawligagger) shot Pun Pun () with a the laser</font>
[15:58:11]ATTACK: <font color='red'>CLOWN FRIEND (lawligagger) shot Pun Pun () with a the laser</font>
[15:58:12]ATTACK: <font color='red'>CLOWN FRIEND (lawligagger) shot Pun Pun () with a the laser</font>
[15:58:12]ATTACK: <font color='red'>CLOWN FRIEND (lawligagger) shot Pun Pun () with a the laser</font>
[15:58:13]ATTACK: <font color='red'>CLOWN FRIEND (lawligagger) shot Pun Pun () with a the laser</font>
[15:58:13]ATTACK: <font color='red'>CLOWN FRIEND (lawligagger) shot Pun Pun () with a the laser</font>
[15:58:14]ATTACK: <font color='red'>CLOWN FRIEND (lawligagger) shot Pun Pun () with a the laser</font>
[15:58:14]ATTACK: <font color='red'>CLOWN FRIEND (lawligagger) shot Pun Pun () with a the laser</font>
[16:00:34]ATTACK: <font color='red'>CLOWN FRIEND (lawligagger) shot Sarah Monique (deathsquied) with a the electrode</font>
[16:00:36]ATTACK: <font color='red'>CLOWN FRIEND (lawligagger) attacked Sarah Monique (deathsquied) with Clown Taser (INTENT: HARM) (DAMTYE: BRUTE)</font>
[16:00:38]ATTACK: <font color='red'>CLOWN FRIEND (lawligagger) attacked Sarah Monique (deathsquied) with Clown Taser (INTENT: HARM) (DAMTYE: BRUTE)</font>
[16:00:39]ATTACK: <font color='red'>CLOWN FRIEND (lawligagger) attacked Sarah Monique (deathsquied) with Clown Taser (INTENT: HARM) (DAMTYE: BRUTE)</font>
[16:00:40]ATTACK: <font color='red'>CLOWN FRIEND (lawligagger) attacked Sarah Monique (deathsquied) with Clown Taser (INTENT: HARM) (DAMTYE: BRUTE)</font>
[16:00:42]ATTACK: <font color='red'>CLOWN FRIEND (lawligagger) attacked Sarah Monique (deathsquied) with Clown Taser (INTENT: HARM) (DAMTYE: BRUTE)</font>
[16:00:43]ATTACK: <font color='red'>CLOWN FRIEND (lawligagger) attacked Sarah Monique (deathsquied) with Clown Taser (INTENT: HARM) (DAMTYE: BRUTE)</font>
[16:00:45]ATTACK: <font color='red'>CLOWN FRIEND (lawligagger) attacked Sarah Monique (deathsquied) with Friend Stick (INTENT: HARM) (DAMTYE: BRUTE)</font>
[16:00:45]ATTACK: <font color='red'>CLOWN FRIEND (lawligagger) stunned Sarah Monique (deathsquied) with Friend Stick</font>
[16:01:20]ATTACK: <font color='red'>CLOWN FRIEND (lawligagger) shot Sarah Monique (deathsquied) with a the electrode</font>
[16:01:22]ATTACK: <font color='red'>CLOWN FRIEND (lawligagger) shot Sarah Monique (deathsquied) with a the electrode</font>
[16:01:23]ATTACK: <font color='red'>CLOWN FRIEND (lawligagger) shot Sarah Monique (deathsquied) with a the electrode</font>
[16:01:23]ATTACK: <font color='red'>CLOWN FRIEND (lawligagger) shot Sarah Monique (deathsquied) with a the electrode</font>
[16:01:24]ATTACK: <font color='red'>CLOWN FRIEND (lawligagger) attacked Sarah Monique (deathsquied) with Clown Taser (INTENT: HARM) (DAMTYE: BRUTE)</font>
[16:01:25]ATTACK: <font color='red'>CLOWN FRIEND (lawligagger) attacked Sarah Monique (deathsquied) with Clown Taser (INTENT: HARM) (DAMTYE: BRUTE)</font>
[16:01:27]ATTACK: <font color='red'>CLOWN FRIEND (lawligagger) attacked Sarah Monique (deathsquied) with Clown Taser (INTENT: HARM) (DAMTYE: BRUTE)</font>
[16:01:28]ATTACK: <font color='red'>CLOWN FRIEND (lawligagger) attacked Sarah Monique (deathsquied) with Clown Taser (INTENT: HARM) (DAMTYE: BRUTE)</font>
[16:01:29]ATTACK: <font color='red'>CLOWN FRIEND (lawligagger) attacked Sarah Monique (deathsquied) with Clown Taser (INTENT: HARM) (DAMTYE: BRUTE)</font>
[16:01:30]ATTACK: <font color='red'>CLOWN FRIEND (lawligagger) attacked Sarah Monique (deathsquied) with Clown Taser (INTENT: HARM) (DAMTYE: BRUTE)</font>
[16:01:31]ATTACK: <font color='red'>CLOWN FRIEND (lawligagger) attacked Sarah Monique (deathsquied) with Clown Taser (INTENT: HARM) (DAMTYE: BRUTE)</font>
[16:01:33]ATTACK: <font color='red'>CLOWN FRIEND (lawligagger) attacked Sarah Monique (deathsquied) with Clown Taser (INTENT: HARM) (DAMTYE: BRUTE)</font>
[16:01:34]ATTACK: <font color='red'>CLOWN FRIEND (lawligagger) attacked Sarah Monique (deathsquied) with Clown Taser (INTENT: HARM) (DAMTYE: BRUTE)</font>
[16:01:35]ATTACK: <font color='red'>CLOWN FRIEND (lawligagger) attacked Sarah Monique (deathsquied) with Clown Taser (INTENT: HARM) (DAMTYE: BRUTE)</font>
[16:01:36]ATTACK: <font color='red'>CLOWN FRIEND (lawligagger) attacked Sarah Monique (deathsquied) with Clown Taser (INTENT: HARM) (DAMTYE: BRUTE)</font>
[16:01:37]ATTACK: <font color='red'>CLOWN FRIEND (lawligagger) attacked Sarah Monique (deathsquied) with Clown Taser (INTENT: HARM) (DAMTYE: BRUTE)</font>


Starting up. 16:03.15
---------------------
[17:06:48]ATTACK: [17:06:48] <b>Maegan Howe/momo1911</b> splashed <b>Maegan Howe/momo1911</b> with (water (30),)
[17:10:09]ATTACK: <font color='red'>Maegan Howe (momo1911) attacked Maegan Howe (momo1911) with banana peel (INTENT: HELP) (DAMTYE: BRUTE)</font>
[17:10:10]ATTACK: <font color='red'>Maegan Howe (momo1911) attacked Maegan Howe (momo1911) with banana peel (INTENT: HELP) (DAMTYE: BRUTE)</font>
[17:12:08]ATTACK: <font color='red'>Maegan Howe (momo1911) attacked Maegan Howe (momo1911) with banana peel (INTENT: HELP) (DAMTYE: BRUTE)</font>
[17:12:09]ATTACK: <font color='red'>Maegan Howe (momo1911) attacked Maegan Howe (momo1911) with banana peel (INTENT: HELP) (DAMTYE: BRUTE)</font>
[17:33:03]ATTACK: <font color='red'>Captain (telebison9000) attacked Unknown (momo1911) with Cloning techniques of the 26th century (INTENT: HELP) (DAMTYE: BRUTE)</font>
[17:35:10]ATTACK: <font color='red'>Gavin Leon (spike2daface) fed Unknown (momo1911) with dexalin pill (INTENT: HELP)</font>
[17:35:16]ATTACK: <font color='red'>Gavin Leon (spike2daface) fed Unknown (momo1911) with dexalin pill (INTENT: HELP)</font>
[17:36:27]ATTACK: <font color='red'>Gavin Leon (spike2daface) fed Unknown (momo1911) with dexalin pill (INTENT: HELP)</font>
[17:37:28]ATTACK: [17:37:28] <b>Captain/telebison9000</b> splashed <b>Captain/telebison9000</b> with (cryoxadone (30),)
[17:38:04]ATTACK: <font color='red'>Gavin Leon (spike2daface) fed Jimmy Prescott (croke32) with anti-toxins pill (INTENT: GRAB)</font>
[17:42:51]ATTACK: <font color='red'>Gavin Leon (spike2daface) shot Captain (telebison9000) with a syringegun (copper (4.5),aluminum (4.5),carbon (4.5),chlorine (1.5),)</font>
[17:52:22]ATTACK: <font color='red'>Gavin Leon (spike2daface) shot Captain (telebison9000) with a syringegun (sacid (15),)</font>
[17:52:34]ATTACK: <font color='red'>Gavin Leon (spike2daface) attacked Captain (telebison9000) with syringe gun (INTENT: GRAB) (DAMTYE: BRUTE)</font>
[17:52:34]ATTACK: <font color='red'>Gavin Leon (spike2daface) shot Captain (telebison9000) with a syringegun (sacid (15),)</font>
[17:52:58]ATTACK: <font color='red'>Captain (telebison9000) attacked Gavin Leon (spike2daface) with energy sword (INTENT: HARM) (DAMTYE: BRUTE)</font>
[17:53:05]ATTACK: <font color='red'>Gavin Leon (spike2daface) stunned Captain (telebison9000) with stun baton</font>
[17:53:08]ATTACK: <font color='red'>Gavin Leon (spike2daface) attacked Captain (telebison9000) with energy sword (INTENT: GRAB) (DAMTYE: BRUTE)</font>
[17:54:01]ATTACK: <font color='red'>Gavin Leon (spike2daface) shot Captain (telebison9000) with a syringegun (sacid (10),)</font>
[17:54:09]ATTACK: <font color='red'>Gavin Leon (spike2daface) shot Captain (telebison9000) with a syringegun (sacid (15),)</font>
[17:55:45]ATTACK: <font color='red'>Gavin Leon (spike2daface) attacked Gavin Leon (spike2daface) with syringe gun (INTENT: GRAB) (DAMTYE: BRUTE)</font>
[17:55:48]ATTACK: <font color='red'>Gavin Leon (spike2daface) attacked Gavin Leon (spike2daface) with syringe gun (INTENT: GRAB) (DAMTYE: BRUTE)</font>
[17:55:49]ATTACK: <font color='red'>Gavin Leon (spike2daface) attacked Gavin Leon (spike2daface) with syringe gun (INTENT: GRAB) (DAMTYE: BRUTE)</font>
[20:48:31]ATTACK: <font color='red'>Jaelyn Otis (mrreff) attacked Splund Berk () with box (INTENT: HELP) (DAMTYE: BRUTE)</font>


Starting up. 20:50.19
---------------------
[20:56:49]ATTACK: <font color='red'>Tristan Lowe (mrreff) shot Service Cyborg-499 (lawligagger) with a the laser</font>
[20:57:45]ATTACK: <font color='red'>Service Cyborg-499 (lawligagger) Used the flash to flash Clownian (taloc111)</font>
[20:57:51]ATTACK: <font color='red'>Service Cyborg-499 (lawligagger) fed Clownian (taloc111) with Space Beer (INTENT: HELP)</font>
[20:57:52]ATTACK: <font color='red'>Service Cyborg-499 (lawligagger) fed Clownian (taloc111) with Space Beer (INTENT: HELP)</font>
[20:57:53]ATTACK: <font color='red'>Service Cyborg-499 (lawligagger) fed Clownian (taloc111) with Space Beer (INTENT: HELP)</font>
[20:57:53]ATTACK: <font color='red'>Clownian (taloc111) disarmed Sarah Monique (deathsquied)</font>
[20:57:54]ATTACK: <font color='red'>Service Cyborg-499 (lawligagger) fed Clownian (taloc111) with Space Beer (INTENT: HELP)</font>
[20:57:54]ATTACK: <font color='red'>Clownian (taloc111) disarmed Clownian (taloc111)</font>
[20:58:13]ATTACK: <font color='red'>Service Cyborg-499 (lawligagger) Used the flash to flash Clownian (taloc111)</font>
[20:59:03]ATTACK: <font color='red'>Service Cyborg-499 (lawligagger) was hit by the clown's rubber stamp, last touched by Clownian (taloc111)</font>
[20:59:04]ATTACK: <font color='red'>Manny Quiles (zymechra) shot Tristan Lowe (mrreff) with a the electrode</font>
[20:59:13]ATTACK: <font color='red'>Manny Quiles (zymechra) stunned Tristan Lowe (mrreff) with stun baton</font>
[20:59:20]ATTACK: <font color='red'>Manny Quiles (zymechra) stunned Tristan Lowe (mrreff) with stun baton</font>
[20:59:25]ATTACK: <font color='red'>Manny Quiles (zymechra) stunned Tristan Lowe (mrreff) with stun baton</font>
[20:59:31]ATTACK: <font color='red'>Manny Quiles (zymechra) stunned Tristan Lowe (mrreff) with stun baton</font>
[20:59:37]ATTACK: <font color='red'>Service Cyborg-499 (lawligagger) Used the flash to flash Clownian (taloc111)</font>
[20:59:39]ATTACK: <font color='red'>Manny Quiles (zymechra) stunned Tristan Lowe (mrreff) with stun baton</font>
[20:59:42]ATTACK: <font color='red'>Service Cyborg-499 (lawligagger) fed Clownian (taloc111) with Space Beer (INTENT: HELP)</font>
[20:59:43]ATTACK: <font color='red'>Service Cyborg-499 (lawligagger) fed Clownian (taloc111) with Space Beer (INTENT: HELP)</font>
[20:59:44]ATTACK: <font color='red'>Service Cyborg-499 (lawligagger) fed Clownian (taloc111) with Space Beer (INTENT: HELP)</font>
[20:59:46]ATTACK: <font color='red'>Sarah Monique (deathsquied) shot Manny Quiles (zymechra) with a the bolt</font>
[20:59:46]ATTACK: <font color='red'>Service Cyborg-499 (lawligagger) Used the flash to flash Clownian (taloc111)</font>
[20:59:52]ATTACK: <font color='red'>Service Cyborg-499 (lawligagger) fed Clownian (taloc111) with Space Beer (INTENT: HELP)</font>
[20:59:53]ATTACK: <font color='red'>Service Cyborg-499 (lawligagger) fed Clownian (taloc111) with Space Beer (INTENT: HELP)</font>
[20:59:54]ATTACK: <font color='red'>Service Cyborg-499 (lawligagger) fed Clownian (taloc111) with Space Beer (INTENT: HELP)</font>
[20:59:55]ATTACK: <font color='red'>Service Cyborg-499 (lawligagger) fed Clownian (taloc111) with Space Beer (INTENT: HELP)</font>
[21:00:07]ATTACK: <font color='red'>Manny Quiles (zymechra) shot Tristan Lowe (mrreff) with a the electrode</font>
[21:00:57]ATTACK: <font color='red'>Sarah Monique (deathsquied) shot Clownian (taloc111) with a the electrode</font>
[21:02:30]ATTACK: <font color='red'>Sarah Monique (deathsquied) stungloved Clownian (taloc111)</font>
[21:03:24]ATTACK: <font color='red'>Manny Quiles (zymechra) Used the flash to flash Sarah Monique (deathsquied)</font>
[21:03:26]ATTACK: <font color='red'>Clownian (taloc111) disarmed Manny Quiles (zymechra)</font>
[21:03:27]ATTACK: <font color='red'>Clownian (taloc111) disarmed Manny Quiles (zymechra)</font>
[21:03:32]ATTACK: <font color='red'>Clownian (taloc111) Used the flash to flash Manny Quiles (zymechra)</font>
[21:03:32]ATTACK: <font color='red'>Manny Quiles (zymechra) stunned Clownian (taloc111) with stun baton</font>
[21:03:33]ATTACK: <font color='red'>Manny Quiles (zymechra) stunned Sarah Monique (deathsquied) with stun baton</font>
[21:03:33]ATTACK: <font color='red'>Service Cyborg-499 (lawligagger) Used the flash to flash Manny Quiles (zymechra)</font>
[21:03:38]ATTACK: <font color='red'>Manny Quiles (zymechra) attacked Sarah Monique (deathsquied) with circular saw (INTENT: DISARM) (DAMTYE: BRUTE)</font>
[21:03:39]ATTACK: <font color='red'>Manny Quiles (zymechra) attacked Sarah Monique (deathsquied) with circular saw (INTENT: DISARM) (DAMTYE: BRUTE)</font>
[21:03:40]ATTACK: <font color='red'>Service Cyborg-499 (lawligagger) Used the flash to flash Manny Quiles (zymechra)</font>
[21:03:40]ATTACK: <font color='red'>Manny Quiles (zymechra) attacked Sarah Monique (deathsquied) with circular saw (INTENT: DISARM) (DAMTYE: BRUTE)</font>
[21:03:41]ATTACK: <font color='red'>Manny Quiles (zymechra) attacked Sarah Monique (deathsquied) with circular saw (INTENT: DISARM) (DAMTYE: BRUTE)</font>
[21:03:43]ATTACK: <font color='red'>Manny Quiles (zymechra) attacked Sarah Monique (deathsquied) with circular saw (INTENT: DISARM) (DAMTYE: BRUTE)</font>
[21:03:44]ATTACK: <font color='red'>Manny Quiles (zymechra) attacked Sarah Monique (deathsquied) with circular saw (INTENT: DISARM) (DAMTYE: BRUTE)</font>
[21:03:45]ATTACK: <font color='red'>Manny Quiles (zymechra) attacked Sarah Monique (deathsquied) with circular saw (INTENT: DISARM) (DAMTYE: BRUTE)</font>
[21:03:46]ATTACK: <font color='red'>Manny Quiles (zymechra) attacked Sarah Monique (deathsquied) with circular saw (INTENT: DISARM) (DAMTYE: BRUTE)</font>
[21:03:47]ATTACK: <font color='red'>Manny Quiles (zymechra) attacked Sarah Monique (deathsquied) with circular saw (INTENT: DISARM) (DAMTYE: BRUTE)</font>
[21:03:48]ATTACK: <font color='red'>Manny Quiles (zymechra) attacked Sarah Monique (deathsquied) with circular saw (INTENT: DISARM) (DAMTYE: BRUTE)</font>
[21:03:55]ATTACK: <font color='red'>Manny Quiles (zymechra) Used the flash to flash Sarah Monique (deathsquied)</font>
[21:04:07]ATTACK: <font color='red'>Clownian (taloc111) disarmed Sarah Monique (deathsquied)</font>
[21:04:23]ATTACK: <font color='red'>Manny Quiles (zymechra) Used the flash to flash Clownian (taloc111)</font>
[21:04:25]ATTACK: <font color='red'>Manny Quiles (zymechra) Used the flash to flash Clownian (taloc111)</font>
[21:04:30]ATTACK: <font color='red'>Manny Quiles (zymechra) Used the flash to flash Service Cyborg-499 (lawligagger)</font>
[21:04:37]ATTACK: <font color='red'>Manny Quiles (zymechra) Used the flash to flash Service Cyborg-499 (lawligagger)</font>
[21:04:41]ATTACK: <font color='red'>Paul Allen (centrox) shot Sarah Monique (deathsquied) with a the bullet</font>
[21:04:43]ATTACK: <font color='red'>Manny Quiles (zymechra) Used the flash to flash Service Cyborg-499 (lawligagger)</font>
[21:04:47]ATTACK: <font color='red'>Paul Allen (centrox) shot Clownian (taloc111) with a the bullet</font>
[21:04:48]ATTACK: <font color='red'>Manny Quiles (zymechra) Used the flash to flash Service Cyborg-499 (lawligagger)</font>
[21:04:51]ATTACK: <font color='red'>Paul Allen (centrox) shot Clownian (taloc111) with a the bullet</font>
[21:04:58]ATTACK: <font color='red'>Manny Quiles (zymechra) Used the flash to flash Service Cyborg-499 (lawligagger)</font>
[21:05:06]ATTACK: <font color='red'>Manny Quiles (zymechra) attacked Service Cyborg-499 (lawligagger) with circular saw (INTENT: DISARM) (DAMTYE: BRUTE)</font>
[21:05:25]ATTACK: <font color='red'>Manny Quiles (zymechra) Used the flash to flash Service Cyborg-499 (lawligagger)</font>
[21:05:28]ATTACK: <font color='red'>Manny Quiles (zymechra) Used the flash to flash Service Cyborg-499 (lawligagger)</font>
[21:09:38]ATTACK: <font color='red'>Paul Allen (centrox) attacked Manny Quiles (zymechra) with combat shotgun (INTENT: HELP) (DAMTYE: BRUTE)</font>
[21:10:04]ATTACK: <font color='red'>Paul Allen (centrox) attacked Manny Quiles (zymechra) with combat shotgun (INTENT: HELP) (DAMTYE: BRUTE)</font>
[21:11:03]ATTACK: <font color='red'>Tristan Lowe (mrreff) attacked Sarah Monique (deathsquied) with combat shotgun (INTENT: HELP) (DAMTYE: BRUTE)</font>
[21:11:06]ATTACK: <font color='red'>Tristan Lowe (mrreff) attacked Sarah Monique (deathsquied) with combat shotgun (INTENT: HELP) (DAMTYE: BRUTE)</font>
[21:11:09]ATTACK: <font color='red'>Tristan Lowe (mrreff) attacked Sarah Monique (deathsquied) with combat shotgun (INTENT: HELP) (DAMTYE: BRUTE)</font>
[21:11:10]ATTACK: <font color='red'>Tristan Lowe (mrreff) attacked Sarah Monique (deathsquied) with combat shotgun (INTENT: HELP) (DAMTYE: BRUTE)</font>
[21:11:11]ATTACK: <font color='red'>Paul Allen (centrox) punched Sarah Monique (deathsquied)</font>
[21:11:11]ATTACK: <font color='red'>Tristan Lowe (mrreff) attacked Sarah Monique (deathsquied) with combat shotgun (INTENT: HELP) (DAMTYE: BRUTE)</font>
[21:11:12]ATTACK: <font color='red'>Paul Allen (centrox) punched Sarah Monique (deathsquied)</font>
[21:11:12]ATTACK: <font color='red'>Tristan Lowe (mrreff) attacked Sarah Monique (deathsquied) with combat shotgun (INTENT: HELP) (DAMTYE: BRUTE)</font>
[21:11:13]ATTACK: <font color='red'>Paul Allen (centrox) punched Sarah Monique (deathsquied)</font>
[21:11:14]ATTACK: <font color='red'>Tristan Lowe (mrreff) attacked Sarah Monique (deathsquied) with combat shotgun (INTENT: HELP) (DAMTYE: BRUTE)</font>
[21:11:14]ATTACK: <font color='red'>Paul Allen (centrox) punched Sarah Monique (deathsquied)</font>
[21:15:48]ATTACK: <font color='red'>Unknown (zymechra) shot Clownian (taloc111) with a the bolt of change</font>
[21:15:54]ATTACK: <font color='red'>Unknown (zymechra) shot Default Cyborg-49 (taloc111) with a the bolt of change</font>
[21:16:23]ATTACK: <font color='red'>Unknown (zymechra) shot Tristan Lowe (mrreff) with a the bolt of change</font>
[21:16:31]ATTACK: <font color='red'>Unknown (zymechra) shot Brett Best (mrreff) with a the bolt of change</font>
[21:16:34]ATTACK: <font color='red'>Unknown (zymechra) shot the alien hunter (157) (mrreff) with a the bolt of change</font>
[21:16:39]ATTACK: <font color='red'>SMUG NIGGER (lawligagger) shot the alien sentinel (169) (mrreff) with a the laser</font>
[21:16:40]ATTACK: <font color='red'>SMUG NIGGER (lawligagger) shot the alien sentinel (169) (mrreff) with a the laser</font>
[21:16:41]ATTACK: <font color='red'>SMUG NIGGER (lawligagger) shot the alien sentinel (169) (mrreff) with a the laser</font>
[21:16:42]ATTACK: <font color='red'>SMUG NIGGER (lawligagger) shot the alien sentinel (169) (mrreff) with a the laser</font>
[21:16:44]ATTACK: <font color='red'>SMUG NIGGER (lawligagger) shot the alien sentinel (169) (mrreff) with a the laser</font>
[21:16:44]ATTACK: <font color='red'>Unknown (zymechra) shot the alien sentinel (169) (mrreff) with a the bolt of change</font>
[21:16:45]ATTACK: <font color='red'>SMUG NIGGER (lawligagger) shot the grey baby slime (214) (mrreff) with a the laser</font>
[21:16:46]ATTACK: <font color='red'>SMUG NIGGER (lawligagger) shot the grey baby slime (214) (mrreff) with a the laser</font>
[21:16:46]ATTACK: <font color='red'>Unknown (zymechra) shot the grey baby slime (214) (mrreff) with a the bolt of change</font>
[21:16:47]ATTACK: <font color='red'>SMUG NIGGER (lawligagger) shot Unknown (zymechra) with a the laser</font>
[21:16:48]ATTACK: <font color='red'>SMUG NIGGER (lawligagger) shot Unknown (zymechra) with a the laser</font>
[21:16:48]ATTACK: <font color='red'>SMUG NIGGER (lawligagger) shot Default Cyborg-278 (mrreff) with a the laser</font>
[21:16:54]ATTACK: <font color='red'>SMUG NIGGER (lawligagger) shot Security Cyborg-278 (mrreff) with a the laser</font>
[21:17:00]ATTACK: <font color='red'>Unknown (zymechra) shot Security Cyborg-278 (mrreff) with a the bolt of change</font>
[21:17:12]ATTACK: <font color='red'>Unknown (zymechra) shot the grey adult slime (867) (mrreff) with a the bolt of change</font>
[21:17:14]ATTACK: <font color='red'>Unknown (zymechra) shot the alien sentinel (165) (mrreff) with a the bolt of change</font>
[21:17:19]ATTACK: <font color='red'>SMUG NIGGER (lawligagger) shot Default Cyborg-49 (mrreff) with a the laser</font>
[21:17:20]ATTACK: <font color='red'>SMUG NIGGER (lawligagger) shot Default Cyborg-49 (mrreff) with a the laser</font>
[21:17:26]ATTACK: <font color='red'>SMUG NIGGER (lawligagger) shot Default Cyborg-49 (mrreff) with a the laser</font>
[21:17:28]ATTACK: <font color='red'>SMUG NIGGER (lawligagger) shot Default Cyborg-49 (mrreff) with a the laser</font>
[21:17:28]ATTACK: <font color='red'>SMUG NIGGER (lawligagger) shot Default Cyborg-49 (mrreff) with a the laser</font>
[21:17:29]ATTACK: <font color='red'>Unknown (zymechra) shot Default Cyborg-49 (mrreff) with a the bolt of change</font>
[21:17:29]ATTACK: <font color='red'>SMUG NIGGER (lawligagger) shot the grey adult slime (79) (mrreff) with a the laser</font>
[21:17:30]ATTACK: <font color='red'>SMUG NIGGER (lawligagger) shot the grey adult slime (79) (mrreff) with a the laser</font>
[21:17:30]ATTACK: <font color='red'>Unknown (zymechra) shot the grey adult slime (79) (mrreff) with a the bolt of change</font>
[21:17:37]ATTACK: <font color='red'>SMUG NIGGER (lawligagger) shot Default Cyborg-370 (mrreff) with a the laser</font>
[21:17:39]ATTACK: <font color='red'>SMUG NIGGER (lawligagger) shot Default Cyborg-370 (mrreff) with a the laser</font>
[21:17:41]ATTACK: <font color='red'>SMUG NIGGER (lawligagger) shot Default Cyborg-370 (mrreff) with a the laser</font>
[21:17:41]ATTACK: <font color='red'>SMUG NIGGER (lawligagger) shot Default Cyborg-370 (mrreff) with a the laser</font>
[21:17:42]ATTACK: <font color='red'>SMUG NIGGER (lawligagger) shot Default Cyborg-370 (mrreff) with a the laser</font>
[21:17:43]ATTACK: <font color='red'>SMUG NIGGER (lawligagger) shot Default Cyborg-370 (mrreff) with a the laser</font>
[21:17:44]ATTACK: <font color='red'>SMUG NIGGER (lawligagger) shot Default Cyborg-370 (mrreff) with a the laser</font>
[21:17:45]ATTACK: <font color='red'>SMUG NIGGER (lawligagger) shot Unknown (zymechra) with a the laser</font>
[21:17:45]ATTACK: <font color='red'>SMUG NIGGER (lawligagger) shot Default Cyborg-370 (mrreff) with a the laser</font>
[21:17:49]ATTACK: <font color='red'>Unknown (zymechra) shot Default Cyborg-370 (mrreff) with a the bolt of change</font>
[21:17:58]ATTACK: <font color='red'>Unknown (zymechra) shot Default Cyborg-455 (mrreff) with a the bolt of change</font>
[21:18:24]ATTACK: <font color='red'>Zelda Murray (mrreff) punched SMUG NIGGER (lawligagger)</font>
[21:18:26]ATTACK: <font color='red'>Unknown (zymechra) shot Sarah Monique (deathsquied) with a the bolt</font>
[21:18:28]ATTACK: <font color='red'>SMUG NIGGER (lawligagger) shot Zelda Murray (mrreff) with a the laser</font>
[21:18:30]ATTACK: <font color='red'>Unknown (zymechra) shot Sarah Monique (deathsquied) with a the bolt of change</font>
[21:19:11]ATTACK: <font color='red'>SMUG NIGGER (lawligagger) shot Unknown (zymechra) with a the bolt of change</font>
[21:19:15]ATTACK: <font color='red'>SMUG NIGGER (lawligagger) shot the monkey (512) (zymechra) with a the bolt of change</font>
[21:19:16]ATTACK: <font color='red'>Zelda Murray (mrreff) attacked Default Cyborg-858 (deathsquied) with stun baton (INTENT: HARM) (DAMTYE: BRUTE)</font>
[21:19:17]ATTACK: <font color='red'>SMUG NIGGER (lawligagger) shot the grey baby slime (279) (zymechra) with a the bolt of change</font>
[21:19:17]ATTACK: <font color='red'>Zelda Murray (mrreff) attacked Default Cyborg-858 (deathsquied) with stun baton (INTENT: HARM) (DAMTYE: BRUTE)</font>
[21:19:18]ATTACK: <font color='red'>Zelda Murray (mrreff) attacked Default Cyborg-858 (deathsquied) with stun baton (INTENT: HARM) (DAMTYE: BRUTE)</font>
[21:19:19]ATTACK: <font color='red'>Zelda Murray (mrreff) attacked Default Cyborg-858 (deathsquied) with stun baton (INTENT: HARM) (DAMTYE: BRUTE)</font>
[21:19:20]ATTACK: <font color='red'>Zelda Murray (mrreff) attacked Default Cyborg-858 (deathsquied) with stun baton (INTENT: HARM) (DAMTYE: BRUTE)</font>
[21:19:21]ATTACK: <font color='red'>SMUG NIGGER (lawligagger) shot Default Cyborg-858 (deathsquied) with a the bolt of change</font>
[21:19:21]ATTACK: <font color='red'>Zelda Murray (mrreff) attacked grey adult slime (278) (deathsquied) with stun baton (INTENT: HARM) (DAMTYE: BRUTE)</font>
[21:19:25]ATTACK: <font color='red'>SMUG NIGGER (lawligagger) shot the grey adult slime (278) (deathsquied) with a the bolt of change</font>
[21:19:25]ATTACK: <font color='red'>Khloe Houston (deathsquied) punched Zelda Murray (mrreff)</font>
[21:19:29]ATTACK: <font color='red'>SMUG NIGGER (lawligagger) shot Khloe Houston (deathsquied) with a the bolt of change</font>
[21:19:31]ATTACK: <font color='red'>SMUG NIGGER (lawligagger) shot the grey baby slime (708) (deathsquied) with a the bolt of change</font>
[21:19:51]ATTACK: <font color='red'>SMUG NIGGER (lawligagger) shot Zelda Murray (mrreff) with a the laser</font>
[21:19:52]ATTACK: <font color='red'>SMUG NIGGER (lawligagger) shot Zelda Murray (mrreff) with a the laser</font>
[21:19:53]ATTACK: <font color='red'>SMUG NIGGER (lawligagger) shot Zelda Murray (mrreff) with a the laser</font>
[21:19:54]ATTACK: <font color='red'>SMUG NIGGER (lawligagger) shot Zelda Murray (mrreff) with a the laser</font>
[21:20:19]ATTACK: <font color='red'>SMUG NIGGER (lawligagger) shot Unknown (zymechra) with a the bolt of change</font>
[21:20:19]ATTACK: <font color='red'>UNKNOWN shot SMUG NIGGER (lawligagger) with a the bolt</font>
[21:21:07]ATTACK: <font color='red'>The monkey (969) (deathsquied) shot Default Cyborg-419 (zymechra) with a the bolt of change</font>
[21:21:09]ATTACK: <font color='red'>The monkey (969) (deathsquied) shot the grey adult slime (376) (zymechra) with a the bolt of change</font>
[21:21:09]ATTACK: <font color='red'>The monkey (969) (deathsquied) shot Default Cyborg-671 (zymechra) with a the bolt of change</font>
[21:21:10]ATTACK: <font color='red'>The monkey (969) (deathsquied) shot the alien sentinel (126) (zymechra) with a the bolt of change</font>
[21:21:26]ATTACK: <font color='red'>The monkey (969) (deathsquied) shot the monkey (93) (zymechra) with a the bolt of change</font>
[21:21:33]ATTACK: <font color='red'>The monkey (969) (deathsquied) shot the monkey (14) (zymechra) with a the bolt of change</font>
[21:21:34]ATTACK: <font color='red'>Unknown (lawligagger) shot Default Cyborg-169 (zymechra) with a the laser</font>
[21:21:35]ATTACK: <font color='red'>Unknown (lawligagger) shot Default Cyborg-169 (zymechra) with a the laser</font>
[21:21:36]ATTACK: <font color='red'>Unknown (lawligagger) shot Default Cyborg-169 (zymechra) with a the laser</font>
[21:21:36]ATTACK: <font color='red'>Unknown (lawligagger) shot Default Cyborg-169 (zymechra) with a the laser</font>
[21:21:37]ATTACK: <font color='red'>Unknown (lawligagger) shot Default Cyborg-169 (zymechra) with a the laser</font>
[21:21:38]ATTACK: <font color='red'>Unknown (lawligagger) shot Default Cyborg-169 (zymechra) with a the laser</font>
[21:21:38]ATTACK: <font color='red'>The monkey (969) (deathsquied) shot Default Cyborg-169 (zymechra) with a the bolt of change</font>
[21:21:38]ATTACK: <font color='red'>Unknown (lawligagger) shot Enrique Unk (zymechra) with a the laser</font>
[21:21:41]ATTACK: <font color='red'>Unknown (lawligagger) shot the monkey (969) (deathsquied) with a the laser</font>
[21:21:42]ATTACK: <font color='red'>Unknown (lawligagger) shot Enrique Unk (zymechra) with a the laser</font>
[21:21:43]ATTACK: <font color='red'>Unknown (lawligagger) shot Enrique Unk (zymechra) with a the laser</font>
[21:22:06]ATTACK: <font color='red'>The monkey (969) (deathsquied) shot Enrique Unk (zymechra) with a the bolt of change</font>
[21:22:08]ATTACK: <font color='red'>The monkey (969) (deathsquied) shot the alien sentinel (98) (zymechra) with a the bolt of change</font>
[21:22:09]ATTACK: <font color='red'>The monkey (969) (deathsquied) shot Default Cyborg-116 (zymechra) with a the bolt of change</font>
[21:23:00]ATTACK: <font color='red'>The monkey (969) (deathsquied) shot Alijah Sanders (zymechra) with a the electrode</font>
[21:23:00]ATTACK: <font color='red'>Alijah Sanders (zymechra) shot the monkey (969) (deathsquied) with a the bolt of change</font>
[21:23:14]ATTACK: <font color='red'>Alijah Sanders (zymechra) shot Default Cyborg-907 (deathsquied) with a the bolt of change</font>
[21:23:23]ATTACK: <font color='red'>Alijah Sanders (zymechra) shot David Ivanov (deathsquied) with a the bolt of change</font>
[21:23:24]ATTACK: <font color='red'>Alijah Sanders (zymechra) shot Default Cyborg-326 (deathsquied) with a the bolt of change</font>
[21:23:25]ATTACK: <font color='red'>Alijah Sanders (zymechra) shot the grey adult slime (944) (deathsquied) with a the bolt of change</font>
[21:23:25]ATTACK: <font color='red'>Alijah Sanders (zymechra) shot Default Cyborg-243 (deathsquied) with a the bolt of change</font>
[21:23:26]ATTACK: <font color='red'>Alijah Sanders (zymechra) shot the monkey (683) (deathsquied) with a the bolt of change</font>
[21:23:54]ATTACK: <font color='red'>Alijah Sanders (zymechra) shot Santiago James (deathsquied) with a the bolt of change</font>
[21:24:33]ATTACK: <font color='red'>Alijah Sanders (zymechra) shot the monkey (484) (deathsquied) with a the bolt of change</font>
[21:24:34]ATTACK: <font color='red'>Alijah Sanders (zymechra) shot the monkey (129) (deathsquied) with a the bolt of change</font>
[21:24:35]ATTACK: <font color='red'>Alijah Sanders (zymechra) shot the monkey (156) (deathsquied) with a the bolt of change</font>
[21:24:36]ATTACK: <font color='red'>Alijah Sanders (zymechra) shot Default Cyborg-580 (deathsquied) with a the bolt of change</font>
[21:24:38]ATTACK: <font color='red'>Alijah Sanders (zymechra) shot the alien hunter (973) (deathsquied) with a the bolt of change</font>
[21:24:43]ATTACK: <font color='red'>Unknown (lawligagger) shot the alien hunter (726) (deathsquied) with a the laser</font>
[21:24:44]ATTACK: <font color='red'>Unknown (lawligagger) shot the alien hunter (726) (deathsquied) with a the laser</font>
[21:24:45]ATTACK: <font color='red'>Unknown (lawligagger) shot the alien hunter (726) (deathsquied) with a the laser</font>
[21:24:47]ATTACK: <font color='red'>Unknown (lawligagger) shot the alien hunter (726) (deathsquied) with a the laser</font>
[21:24:48]ATTACK: <font color='red'>Unknown (lawligagger) shot the alien hunter (726) (deathsquied) with a the laser</font>
[21:24:49]ATTACK: <font color='red'>Unknown (lawligagger) shot the alien hunter (726) (deathsquied) with a the laser</font>
[21:24:57]ATTACK: <font color='red'>Alijah Sanders (zymechra) shot Unknown (lawligagger) with a the bolt of change</font>
[21:25:04]ATTACK: <font color='red'>Alijah Sanders (zymechra) shot Security Cyborg-586 (lawligagger) with a the bolt of change</font>
[21:25:13]ATTACK: <font color='red'>The monkey (919) (lawligagger) shot Alijah Sanders (zymechra) with a the electrode</font>
[21:25:14]ATTACK: <font color='red'>The monkey (919) (lawligagger) shot Alijah Sanders (zymechra) with a the electrode</font>
[21:25:24]ATTACK: <font color='red'>Paul Allen (centrox) shot Alijah Sanders (zymechra) with a the bolt of change</font>
[21:25:44]ATTACK: <font color='red'>The monkey (919) (lawligagger) shot Paul Allen (centrox) with a the laser</font>
[21:25:44]ATTACK: <font color='red'>The monkey (919) (lawligagger) shot Paul Allen (centrox) with a the laser</font>
[21:25:45]ATTACK: <font color='red'>The monkey (919) (lawligagger) shot Paul Allen (centrox) with a the laser</font>
[21:25:47]ATTACK: <font color='red'>The monkey (919) (lawligagger) shot Paul Allen (centrox) with a the laser</font>
[21:25:48]ATTACK: <font color='red'>The monkey (919) (lawligagger) shot Paul Allen (centrox) with a the laser</font>
[21:25:48]ATTACK: <font color='red'>The monkey (919) (lawligagger) shot Paul Allen (centrox) with a the laser</font>
[21:27:19]ATTACK: <font color='red'>Paul Allen (centrox) shot the alien sentinel (69) (zymechra) with a the bolt of change</font>
[21:27:23]ATTACK: <font color='red'>Paul Allen (centrox) shot Default Cyborg-897 (zymechra) with a the laser</font>
[21:27:29]ATTACK: <font color='red'>Paul Allen (centrox) shot the alien hunter (810) (taloc111) with a the bolt of change</font>
[21:27:30]ATTACK: <font color='red'>Paul Allen (centrox) shot the grey baby slime (545) (taloc111) with a the bolt of change</font>
[21:28:33]ATTACK: <font color='red'>Paul Allen (centrox) shot Security Cyborg-926 (taloc111) with a the laser</font>
[21:28:33]ATTACK: <font color='red'>Security Cyborg-926 (taloc111) shot Paul Allen (centrox) with a the electrode</font>
[21:28:33]ATTACK: <font color='red'>Paul Allen (centrox) shot Security Cyborg-926 (taloc111) with a the laser</font>
[21:28:34]ATTACK: <font color='red'>Security Cyborg-926 (taloc111) shot Janitor Cyborg-897 (zymechra) with a the electrode</font>
[21:29:06]ATTACK: <font color='red'>Paul Allen (centrox) shot Janitor Cyborg-897 (zymechra) with a the bolt of change</font>
[21:29:44]ATTACK: <font color='red'>Paul Allen (centrox) shot Security Cyborg-926 (taloc111) with a the bolt of change</font>
[21:30:13]ATTACK: <font color='red'>Nova Clarke (taloc111) shot Faithless (lawligagger) with a the laser</font>
[21:30:16]ATTACK: <font color='red'>Nova Clarke (taloc111) shot Faithless (lawligagger) with a the laser</font>
[21:30:20]ATTACK: <font color='red'>Nova Clarke (taloc111) shot Faithless () with a the laser</font>


Starting up. 21:32.10
---------------------
[15:15:49]ATTACK: <font color='red'>Manny Quiles (zymechra) disarmed Packet (yolocooey)</font>
[15:15:55]ATTACK: <font color='red'>John Reverend (lawligagger) disarmed Packet (yolocooey)</font>
[15:15:57]ATTACK: <font color='red'>John Reverend (lawligagger) disarmed Packet (yolocooey)</font>
[15:16:21]ATTACK: <font color='red'>Packet (yolocooey) punched Manny Quiles (zymechra)</font>
[15:16:29]ATTACK: <font color='red'>Packet (yolocooey) punched Manny Quiles (zymechra)</font>
[15:16:31]ATTACK: <font color='red'>Packet (yolocooey) punched Manny Quiles (zymechra)</font>
[15:16:33]ATTACK: <font color='red'>Packet (yolocooey) punched Manny Quiles (zymechra)</font>
[15:16:35]ATTACK: <font color='red'>Packet (yolocooey) punched Manny Quiles (zymechra)</font>
[15:16:35]ATTACK: <font color='red'>John Reverend (lawligagger) punched Manny Quiles (zymechra)</font>
[15:16:36]ATTACK: <font color='red'>Manny Quiles (zymechra) disarmed Packet (yolocooey)</font>
[15:16:36]ATTACK: <font color='red'>John Reverend (lawligagger) punched Manny Quiles (zymechra)</font>
[15:16:37]ATTACK: <font color='red'>Manny Quiles (zymechra) disarmed John Reverend (lawligagger)</font>
[15:16:37]ATTACK: <font color='red'>John Reverend (lawligagger) punched Manny Quiles (zymechra)</font>
[15:16:38]ATTACK: <font color='red'>Manny Quiles (zymechra) attacked John Reverend (lawligagger) with desk lamp (INTENT: DISARM) (DAMTYE: BRUTE)</font>
[15:16:39]ATTACK: <font color='red'>Packet (yolocooey) punched Manny Quiles (zymechra)</font>
[15:16:40]ATTACK: <font color='red'>Manny Quiles (zymechra) attacked Packet (yolocooey) with desk lamp (INTENT: DISARM) (DAMTYE: BRUTE)</font>
[15:16:40]ATTACK: <font color='red'>John Reverend (lawligagger) punched Manny Quiles (zymechra)</font>
[15:16:40]ATTACK: <font color='red'>Packet (yolocooey) punched Manny Quiles (zymechra)</font>
[15:16:41]ATTACK: <font color='red'>John Reverend (lawligagger) punched Manny Quiles (zymechra)</font>
[15:16:42]ATTACK: <font color='red'>Packet (yolocooey) punched Manny Quiles (zymechra)</font>
[15:16:42]ATTACK: <font color='red'>Manny Quiles (zymechra) attacked Packet (yolocooey) with desk lamp (INTENT: DISARM) (DAMTYE: BRUTE)</font>
[15:16:43]ATTACK: <font color='red'>John Reverend (lawligagger) punched Manny Quiles (zymechra)</font>
[15:16:43]ATTACK: <font color='red'>Packet (yolocooey) punched Manny Quiles (zymechra)</font>
[15:16:43]ATTACK: <font color='red'>Manny Quiles (zymechra) attacked Packet (yolocooey) with desk lamp (INTENT: DISARM) (DAMTYE: BRUTE)</font>
[15:16:44]ATTACK: <font color='red'>John Reverend (lawligagger) punched Manny Quiles (zymechra)</font>
[15:16:44]ATTACK: <font color='red'>Packet (yolocooey) punched Manny Quiles (zymechra)</font>
[15:16:45]ATTACK: <font color='red'>Manny Quiles (zymechra) attacked Packet (yolocooey) with desk lamp (INTENT: DISARM) (DAMTYE: BRUTE)</font>
[15:16:45]ATTACK: <font color='red'>John Reverend (lawligagger) punched Manny Quiles (zymechra)</font>
[15:16:45]ATTACK: <font color='red'>Packet (yolocooey) punched Manny Quiles (zymechra)</font>
[15:16:46]ATTACK: <font color='red'>Manny Quiles (zymechra) attacked Packet (yolocooey) with desk lamp (INTENT: DISARM) (DAMTYE: BRUTE)</font>
[15:16:46]ATTACK: <font color='red'>John Reverend (lawligagger) punched Manny Quiles (zymechra)</font>
[15:16:46]ATTACK: <font color='red'>Packet (yolocooey) punched Manny Quiles (zymechra)</font>
[15:16:47]ATTACK: <font color='red'>Manny Quiles (zymechra) attacked Packet (yolocooey) with desk lamp (INTENT: DISARM) (DAMTYE: BRUTE)</font>
[15:16:47]ATTACK: <font color='red'>John Reverend (lawligagger) punched Manny Quiles (zymechra)</font>
[15:16:47]ATTACK: <font color='red'>Packet (yolocooey) punched Manny Quiles (zymechra)</font>
[15:16:48]ATTACK: <font color='red'>Manny Quiles (zymechra) attacked Packet (yolocooey) with desk lamp (INTENT: DISARM) (DAMTYE: BRUTE)</font>
[15:16:48]ATTACK: <font color='red'>John Reverend (lawligagger) punched Manny Quiles (zymechra)</font>
[15:16:49]ATTACK: <font color='red'>Packet (yolocooey) punched Manny Quiles (zymechra)</font>
[15:16:49]ATTACK: <font color='red'>Manny Quiles (zymechra) attacked Packet (yolocooey) with desk lamp (INTENT: DISARM) (DAMTYE: BRUTE)</font>
[15:16:49]ATTACK: <font color='red'>John Reverend (lawligagger) punched Manny Quiles (zymechra)</font>
[15:16:50]ATTACK: <font color='red'>Packet (yolocooey) punched Manny Quiles (zymechra)</font>
[15:16:50]ATTACK: <font color='red'>Manny Quiles (zymechra) attacked Packet (yolocooey) with desk lamp (INTENT: DISARM) (DAMTYE: BRUTE)</font>
[15:16:51]ATTACK: <font color='red'>John Reverend (lawligagger) punched Manny Quiles (zymechra)</font>
[15:16:51]ATTACK: <font color='red'>Packet (yolocooey) punched Manny Quiles (zymechra)</font>
[15:16:53]ATTACK: <font color='red'>Packet (yolocooey) punched Manny Quiles (zymechra)</font>
[15:21:12]ATTACK: <font color='red'>Packet (yolocooey) punched Packet (yolocooey)</font>
